[2025-01-28 10:39:21,896] INFO [ControllerEventThread controllerId=0] Starting (kafka.controller.ControllerEventManager$ControllerEventThread)
[2025-01-28 10:39:21,972] INFO [Controller id=0] 0 successfully elected as the controller. Epoch incremented to 1 and epoch zk version is now 1 (kafka.controller.KafkaController)
[2025-01-28 10:39:21,976] INFO [Controller id=0] Creating FeatureZNode at path: /feature with contents: FeatureZNode(2,Enabled,Map()) (kafka.controller.KafkaController)
[2025-01-28 10:39:22,033] INFO [Controller id=0] Registering handlers (kafka.controller.KafkaController)
[2025-01-28 10:39:22,038] INFO [Controller id=0] Deleting log dir event notifications (kafka.controller.KafkaController)
[2025-01-28 10:39:22,041] INFO [Controller id=0] Deleting isr change notifications (kafka.controller.KafkaController)
[2025-01-28 10:39:22,043] INFO [Controller id=0] Initializing controller context (kafka.controller.KafkaController)
[2025-01-28 10:39:22,061] INFO [Controller id=0] Initialized broker epochs cache: HashMap(0 -> 25) (kafka.controller.KafkaController)
[2025-01-28 10:39:22,065] DEBUG [Controller id=0] Register BrokerModifications handler for Set(0) (kafka.controller.KafkaController)
[2025-01-28 10:39:22,072] DEBUG [Channel manager on controller 0]: Controller 0 trying to connect to broker 0 (kafka.controller.ControllerChannelManager)
[2025-01-28 10:39:22,078] INFO [RequestSendThread controllerId=0] Starting (kafka.controller.RequestSendThread)
[2025-01-28 10:39:22,081] INFO [Controller id=0] Currently active brokers in the cluster: Set(0) (kafka.controller.KafkaController)
[2025-01-28 10:39:22,082] INFO [Controller id=0] Currently shutting brokers in the cluster: HashSet() (kafka.controller.KafkaController)
[2025-01-28 10:39:22,082] INFO [Controller id=0] Current list of topics in the cluster: HashSet() (kafka.controller.KafkaController)
[2025-01-28 10:39:22,083] INFO [Controller id=0] Fetching topic deletions in progress (kafka.controller.KafkaController)
[2025-01-28 10:39:22,087] INFO [Controller id=0] List of topics to be deleted:  (kafka.controller.KafkaController)
[2025-01-28 10:39:22,088] INFO [Controller id=0] List of topics ineligible for deletion:  (kafka.controller.KafkaController)
[2025-01-28 10:39:22,088] INFO [Controller id=0] Initializing topic deletion manager (kafka.controller.KafkaController)
[2025-01-28 10:39:22,088] INFO [Topic Deletion Manager 0] Initializing manager with initial deletions: Set(), initial ineligible deletions: HashSet() (kafka.controller.TopicDeletionManager)
[2025-01-28 10:39:22,090] INFO [Controller id=0] Sending update metadata request (kafka.controller.KafkaController)
[2025-01-28 10:39:22,100] INFO [ReplicaStateMachine controllerId=0] Initializing replica state (kafka.controller.ZkReplicaStateMachine)
[2025-01-28 10:39:22,100] INFO [ReplicaStateMachine controllerId=0] Triggering online replica state changes (kafka.controller.ZkReplicaStateMachine)
[2025-01-28 10:39:22,103] INFO [ReplicaStateMachine controllerId=0] Triggering offline replica state changes (kafka.controller.ZkReplicaStateMachine)
[2025-01-28 10:39:22,103] DEBUG [ReplicaStateMachine controllerId=0] Started replica state machine with initial state -> HashMap() (kafka.controller.ZkReplicaStateMachine)
[2025-01-28 10:39:22,104] INFO [PartitionStateMachine controllerId=0] Initializing partition state (kafka.controller.ZkPartitionStateMachine)
[2025-01-28 10:39:22,104] INFO [PartitionStateMachine controllerId=0] Triggering online partition state changes (kafka.controller.ZkPartitionStateMachine)
[2025-01-28 10:39:22,107] DEBUG [PartitionStateMachine controllerId=0] Started partition state machine with initial state -> HashMap() (kafka.controller.ZkPartitionStateMachine)
[2025-01-28 10:39:22,107] INFO [Controller id=0] Ready to serve as the new controller with epoch 1 (kafka.controller.KafkaController)
[2025-01-28 10:39:22,110] WARN [RequestSendThread controllerId=0] Controller 0's connection to broker 192.168.1.68:9092 (id: 0 rack: null) was unsuccessful (kafka.controller.RequestSendThread)
java.io.IOException: Connection to 192.168.1.68:9092 (id: 0 rack: null) failed.
	at org.apache.kafka.clients.NetworkClientUtils.awaitReady(NetworkClientUtils.java:71)
	at kafka.controller.RequestSendThread.brokerReady(ControllerChannelManager.scala:299)
	at kafka.controller.RequestSendThread.doWork(ControllerChannelManager.scala:252)
	at org.apache.kafka.server.util.ShutdownableThread.run(ShutdownableThread.java:136)
[2025-01-28 10:39:22,111] INFO [Controller id=0] Partitions undergoing preferred replica election:  (kafka.controller.KafkaController)
[2025-01-28 10:39:22,112] INFO [Controller id=0] Partitions that completed preferred replica election:  (kafka.controller.KafkaController)
[2025-01-28 10:39:22,112] INFO [Controller id=0] Skipping preferred replica election for partitions due to topic deletion:  (kafka.controller.KafkaController)
[2025-01-28 10:39:22,112] INFO [Controller id=0] Resuming preferred replica election for partitions:  (kafka.controller.KafkaController)
[2025-01-28 10:39:22,113] INFO [Controller id=0] Starting replica leader election (PREFERRED) for partitions  triggered by ZkTriggered (kafka.controller.KafkaController)
[2025-01-28 10:39:22,147] INFO [Controller id=0] Starting the controller scheduler (kafka.controller.KafkaController)
[2025-01-28 10:39:22,216] INFO [RequestSendThread controllerId=0] Controller 0 connected to 192.168.1.68:9092 (id: 0 rack: null) for sending state change requests (kafka.controller.RequestSendThread)
[2025-01-28 10:39:27,151] INFO [Controller id=0] Processing automatic preferred replica leader election (kafka.controller.KafkaController)
[2025-01-28 10:39:27,151] TRACE [Controller id=0] Checking need to trigger auto leader balancing (kafka.controller.KafkaController)
[2025-01-28 10:42:34,569] INFO [Controller id=0] New topics: [Set(_schemas)], deleted topics: [HashSet()], new partition replica assignment [Set(TopicIdReplicaAssignment(_schemas,Some(8dGncSofSPuyipizJrPeUw),Map(_schemas-0 -> ReplicaAssignment(replicas=0, addingReplicas=, removingReplicas=))))] (kafka.controller.KafkaController)
[2025-01-28 10:42:34,570] INFO [Controller id=0] New partition creation callback for _schemas-0 (kafka.controller.KafkaController)
[2025-01-28 10:44:27,159] INFO [Controller id=0] Processing automatic preferred replica leader election (kafka.controller.KafkaController)
[2025-01-28 10:44:27,160] TRACE [Controller id=0] Checking need to trigger auto leader balancing (kafka.controller.KafkaController)
[2025-01-28 10:44:27,161] DEBUG [Controller id=0] Topics not in preferred replica for broker 0 Map() (kafka.controller.KafkaController)
[2025-01-28 10:44:27,162] TRACE [Controller id=0] Leader imbalance ratio for broker 0 is 0.0 (kafka.controller.KafkaController)
[2025-01-28 10:49:27,169] INFO [Controller id=0] Processing automatic preferred replica leader election (kafka.controller.KafkaController)
[2025-01-28 10:49:27,169] TRACE [Controller id=0] Checking need to trigger auto leader balancing (kafka.controller.KafkaController)
[2025-01-28 10:49:27,170] DEBUG [Controller id=0] Topics not in preferred replica for broker 0 Map() (kafka.controller.KafkaController)
[2025-01-28 10:49:27,170] TRACE [Controller id=0] Leader imbalance ratio for broker 0 is 0.0 (kafka.controller.KafkaController)
[2025-01-28 10:54:27,181] INFO [Controller id=0] Processing automatic preferred replica leader election (kafka.controller.KafkaController)
[2025-01-28 10:54:27,181] TRACE [Controller id=0] Checking need to trigger auto leader balancing (kafka.controller.KafkaController)
[2025-01-28 10:54:27,182] DEBUG [Controller id=0] Topics not in preferred replica for broker 0 Map() (kafka.controller.KafkaController)
[2025-01-28 10:54:27,182] TRACE [Controller id=0] Leader imbalance ratio for broker 0 is 0.0 (kafka.controller.KafkaController)
[2025-01-28 10:55:01,517] INFO [Controller id=0] New topics: [Set(connect_offsets)], deleted topics: [HashSet()], new partition replica assignment [Set(TopicIdReplicaAssignment(connect_offsets,Some(WY95JlINRvq1elpo9h_P7Q),HashMap(connect_offsets-20 -> ReplicaAssignment(replicas=0, addingReplicas=, removingReplicas=), connect_offsets-5 -> ReplicaAssignment(replicas=0, addingReplicas=, removingReplicas=), connect_offsets-13 -> ReplicaAssignment(replicas=0, addingReplicas=, removingReplicas=), connect_offsets-23 -> ReplicaAssignment(replicas=0, addingReplicas=, removingReplicas=), connect_offsets-22 -> ReplicaAssignment(replicas=0, addingReplicas=, removingReplicas=), connect_offsets-12 -> ReplicaAssignment(replicas=0, addingReplicas=, removingReplicas=), connect_offsets-21 -> ReplicaAssignment(replicas=0, addingReplicas=, removingReplicas=), connect_offsets-0 -> ReplicaAssignment(replicas=0, addingReplicas=, removingReplicas=), connect_offsets-14 -> ReplicaAssignment(replicas=0, addingReplicas=, removingReplicas=), connect_offsets-1 -> ReplicaAssignment(replicas=0, addingReplicas=, removingReplicas=), connect_offsets-19 -> ReplicaAssignment(replicas=0, addingReplicas=, removingReplicas=), connect_offsets-15 -> ReplicaAssignment(replicas=0, addingReplicas=, removingReplicas=), connect_offsets-11 -> ReplicaAssignment(replicas=0, addingReplicas=, removingReplicas=), connect_offsets-8 -> ReplicaAssignment(replicas=0, addingReplicas=, removingReplicas=), connect_offsets-24 -> ReplicaAssignment(replicas=0, addingReplicas=, removingReplicas=), connect_offsets-16 -> ReplicaAssignment(replicas=0, addingReplicas=, removingReplicas=), connect_offsets-6 -> ReplicaAssignment(replicas=0, addingReplicas=, removingReplicas=), connect_offsets-2 -> ReplicaAssignment(replicas=0, addingReplicas=, removingReplicas=), connect_offsets-9 -> ReplicaAssignment(replicas=0, addingReplicas=, removingReplicas=), connect_offsets-17 -> ReplicaAssignment(replicas=0, addingReplicas=, removingReplicas=), connect_offsets-4 -> ReplicaAssignment(replicas=0, addingReplicas=, removingReplicas=), connect_offsets-3 -> ReplicaAssignment(replicas=0, addingReplicas=, removingReplicas=), connect_offsets-7 -> ReplicaAssignment(replicas=0, addingReplicas=, removingReplicas=), connect_offsets-18 -> ReplicaAssignment(replicas=0, addingReplicas=, removingReplicas=), connect_offsets-10 -> ReplicaAssignment(replicas=0, addingReplicas=, removingReplicas=))))] (kafka.controller.KafkaController)
[2025-01-28 10:55:01,519] INFO [Controller id=0] New partition creation callback for connect_offsets-20,connect_offsets-5,connect_offsets-13,connect_offsets-23,connect_offsets-22,connect_offsets-12,connect_offsets-21,connect_offsets-0,connect_offsets-14,connect_offsets-1,connect_offsets-19,connect_offsets-15,connect_offsets-11,connect_offsets-8,connect_offsets-24,connect_offsets-16,connect_offsets-6,connect_offsets-2,connect_offsets-9,connect_offsets-17,connect_offsets-4,connect_offsets-3,connect_offsets-7,connect_offsets-18,connect_offsets-10 (kafka.controller.KafkaController)
[2025-01-28 10:55:01,830] INFO [RequestSendThread controllerId=0] Controller 0 connected to 192.168.1.68:9092 (id: 0 rack: null) for sending state change requests (kafka.controller.RequestSendThread)
[2025-01-28 10:55:03,358] INFO [Controller id=0] New topics: [Set(connect-status)], deleted topics: [HashSet()], new partition replica assignment [Set(TopicIdReplicaAssignment(connect-status,Some(MQrSKKHESkKjatMSUTJevQ),HashMap(connect-status-4 -> ReplicaAssignment(replicas=0, addingReplicas=, removingReplicas=), connect-status-3 -> ReplicaAssignment(replicas=0, addingReplicas=, removingReplicas=), connect-status-2 -> ReplicaAssignment(replicas=0, addingReplicas=, removingReplicas=), connect-status-0 -> ReplicaAssignment(replicas=0, addingReplicas=, removingReplicas=), connect-status-1 -> ReplicaAssignment(replicas=0, addingReplicas=, removingReplicas=))))] (kafka.controller.KafkaController)
[2025-01-28 10:55:03,358] INFO [Controller id=0] New partition creation callback for connect-status-4,connect-status-3,connect-status-2,connect-status-0,connect-status-1 (kafka.controller.KafkaController)
[2025-01-28 10:55:03,990] INFO [Controller id=0] New topics: [Set(connect_configs)], deleted topics: [HashSet()], new partition replica assignment [Set(TopicIdReplicaAssignment(connect_configs,Some(yEv0nSYASmC18HwDhGUJyA),Map(connect_configs-0 -> ReplicaAssignment(replicas=0, addingReplicas=, removingReplicas=))))] (kafka.controller.KafkaController)
[2025-01-28 10:55:03,990] INFO [Controller id=0] New partition creation callback for connect_configs-0 (kafka.controller.KafkaController)
[2025-01-28 10:55:04,254] INFO [Controller id=0] New topics: [HashSet(__consumer_offsets)], deleted topics: [HashSet()], new partition replica assignment [Set(TopicIdReplicaAssignment(__consumer_offsets,Some(cOv3uwqiRWOuuYRGu9piLA),HashMap(__consumer_offsets-22 -> ReplicaAssignment(replicas=0, addingReplicas=, removingReplicas=), __consumer_offsets-30 -> ReplicaAssignment(replicas=0, addingReplicas=, removingReplicas=), __consumer_offsets-25 -> ReplicaAssignment(replicas=0, addingReplicas=, removingReplicas=), __consumer_offsets-35 -> ReplicaAssignment(replicas=0, addingReplicas=, removingReplicas=), __consumer_offsets-37 -> ReplicaAssignment(replicas=0, addingReplicas=, removingReplicas=), __consumer_offsets-38 -> ReplicaAssignment(replicas=0, addingReplicas=, removingReplicas=), __consumer_offsets-13 -> ReplicaAssignment(replicas=0, addingReplicas=, removingReplicas=), __consumer_offsets-8 -> ReplicaAssignment(replicas=0, addingReplicas=, removingReplicas=), __consumer_offsets-21 -> ReplicaAssignment(replicas=0, addingReplicas=, removingReplicas=), __consumer_offsets-4 -> ReplicaAssignment(replicas=0, addingReplicas=, removingReplicas=), __consumer_offsets-27 -> ReplicaAssignment(replicas=0, addingReplicas=, removingReplicas=), __consumer_offsets-7 -> ReplicaAssignment(replicas=0, addingReplicas=, removingReplicas=), __consumer_offsets-9 -> ReplicaAssignment(replicas=0, addingReplicas=, removingReplicas=), __consumer_offsets-46 -> ReplicaAssignment(replicas=0, addingReplicas=, removingReplicas=), __consumer_offsets-41 -> ReplicaAssignment(replicas=0, addingReplicas=, removingReplicas=), __consumer_offsets-33 -> ReplicaAssignment(replicas=0, addingReplicas=, removingReplicas=), __consumer_offsets-23 -> ReplicaAssignment(replicas=0, addingReplicas=, removingReplicas=), __consumer_offsets-49 -> ReplicaAssignment(replicas=0, addingReplicas=, removingReplicas=), __consumer_offsets-47 -> ReplicaAssignment(replicas=0, addingReplicas=, removingReplicas=), __consumer_offsets-16 -> ReplicaAssignment(replicas=0, addingReplicas=, removingReplicas=), __consumer_offsets-28 -> ReplicaAssignment(replicas=0, addingReplicas=, removingReplicas=), __consumer_offsets-31 -> ReplicaAssignment(replicas=0, addingReplicas=, removingReplicas=), __consumer_offsets-36 -> ReplicaAssignment(replicas=0, addingReplicas=, removingReplicas=), __consumer_offsets-42 -> ReplicaAssignment(replicas=0, addingReplicas=, removingReplicas=), __consumer_offsets-3 -> ReplicaAssignment(replicas=0, addingReplicas=, removingReplicas=), __consumer_offsets-18 -> ReplicaAssignment(replicas=0, addingReplicas=, removingReplicas=), __consumer_offsets-15 -> ReplicaAssignment(replicas=0, addingReplicas=, removingReplicas=), __consumer_offsets-24 -> ReplicaAssignment(replicas=0, addingReplicas=, removingReplicas=), __consumer_offsets-17 -> ReplicaAssignment(replicas=0, addingReplicas=, removingReplicas=), __consumer_offsets-48 -> ReplicaAssignment(replicas=0, addingReplicas=, removingReplicas=), __consumer_offsets-19 -> ReplicaAssignment(replicas=0, addingReplicas=, removingReplicas=), __consumer_offsets-11 -> ReplicaAssignment(replicas=0, addingReplicas=, removingReplicas=), __consumer_offsets-2 -> ReplicaAssignment(replicas=0, addingReplicas=, removingReplicas=), __consumer_offsets-43 -> ReplicaAssignment(replicas=0, addingReplicas=, removingReplicas=), __consumer_offsets-6 -> ReplicaAssignment(replicas=0, addingReplicas=, removingReplicas=), __consumer_offsets-14 -> ReplicaAssignment(replicas=0, addingReplicas=, removingReplicas=), __consumer_offsets-20 -> ReplicaAssignment(replicas=0, addingReplicas=, removingReplicas=), __consumer_offsets-0 -> ReplicaAssignment(replicas=0, addingReplicas=, removingReplicas=), __consumer_offsets-44 -> ReplicaAssignment(replicas=0, addingReplicas=, removingReplicas=), __consumer_offsets-39 -> ReplicaAssignment(replicas=0, addingReplicas=, removingReplicas=), __consumer_offsets-12 -> ReplicaAssignment(replicas=0, addingReplicas=, removingReplicas=), __consumer_offsets-45 -> ReplicaAssignment(replicas=0, addingReplicas=, removingReplicas=), __consumer_offsets-1 -> ReplicaAssignment(replicas=0, addingReplicas=, removingReplicas=), __consumer_offsets-5 -> ReplicaAssignment(replicas=0, addingReplicas=, removingReplicas=), __consumer_offsets-26 -> ReplicaAssignment(replicas=0, addingReplicas=, removingReplicas=), __consumer_offsets-29 -> ReplicaAssignment(replicas=0, addingReplicas=, removingReplicas=), __consumer_offsets-34 -> ReplicaAssignment(replicas=0, addingReplicas=, removingReplicas=), __consumer_offsets-10 -> ReplicaAssignment(replicas=0, addingReplicas=, removingReplicas=), __consumer_offsets-32 -> ReplicaAssignment(replicas=0, addingReplicas=, removingReplicas=), __consumer_offsets-40 -> ReplicaAssignment(replicas=0, addingReplicas=, removingReplicas=))))] (kafka.controller.KafkaController)
[2025-01-28 10:55:04,254] INFO [Controller id=0] New partition creation callback for __consumer_offsets-22,__consumer_offsets-30,__consumer_offsets-25,__consumer_offsets-35,__consumer_offsets-37,__consumer_offsets-38,__consumer_offsets-13,__consumer_offsets-8,__consumer_offsets-21,__consumer_offsets-4,__consumer_offsets-27,__consumer_offsets-7,__consumer_offsets-9,__consumer_offsets-46,__consumer_offsets-41,__consumer_offsets-33,__consumer_offsets-23,__consumer_offsets-49,__consumer_offsets-47,__consumer_offsets-16,__consumer_offsets-28,__consumer_offsets-31,__consumer_offsets-36,__consumer_offsets-42,__consumer_offsets-3,__consumer_offsets-18,__consumer_offsets-15,__consumer_offsets-24,__consumer_offsets-17,__consumer_offsets-48,__consumer_offsets-19,__consumer_offsets-11,__consumer_offsets-2,__consumer_offsets-43,__consumer_offsets-6,__consumer_offsets-14,__consumer_offsets-20,__consumer_offsets-0,__consumer_offsets-44,__consumer_offsets-39,__consumer_offsets-12,__consumer_offsets-45,__consumer_offsets-1,__consumer_offsets-5,__consumer_offsets-26,__consumer_offsets-29,__consumer_offsets-34,__consumer_offsets-10,__consumer_offsets-32,__consumer_offsets-40 (kafka.controller.KafkaController)
[2025-01-28 10:59:27,195] INFO [Controller id=0] Processing automatic preferred replica leader election (kafka.controller.KafkaController)
[2025-01-28 10:59:27,195] TRACE [Controller id=0] Checking need to trigger auto leader balancing (kafka.controller.KafkaController)
[2025-01-28 10:59:27,197] DEBUG [Controller id=0] Topics not in preferred replica for broker 0 HashMap() (kafka.controller.KafkaController)
[2025-01-28 10:59:27,197] TRACE [Controller id=0] Leader imbalance ratio for broker 0 is 0.0 (kafka.controller.KafkaController)
