[2025-01-30T09:54:41.004+0700][gc,init] CardTable entry size: 512
[2025-01-30T09:54:41.004+0700][gc     ] Using G1
[2025-01-30T09:54:41.010+0700][gc,init] Version: 23.0.1+11 (release)
[2025-01-30T09:54:41.010+0700][gc,init] CPUs: 12 total, 12 available
[2025-01-30T09:54:41.010+0700][gc,init] Memory: 32768M
[2025-01-30T09:54:41.011+0700][gc,init] Large Page Support: Disabled
[2025-01-30T09:54:41.011+0700][gc,init] NUMA Support: Disabled
[2025-01-30T09:54:41.011+0700][gc,init] Compressed Oops: Enabled (Zero based)
[2025-01-30T09:54:41.011+0700][gc,init] Heap Region Size: 1M
[2025-01-30T09:54:41.011+0700][gc,init] Heap Min Capacity: 1G
[2025-01-30T09:54:41.011+0700][gc,init] Heap Initial Capacity: 1G
[2025-01-30T09:54:41.011+0700][gc,init] Heap Max Capacity: 1G
[2025-01-30T09:54:41.011+0700][gc,init] Pre-touch: Disabled
[2025-01-30T09:54:41.011+0700][gc,init] Parallel Workers: 10
[2025-01-30T09:54:41.011+0700][gc,init] Concurrent Workers: 3
[2025-01-30T09:54:41.011+0700][gc,init] Concurrent Refinement Workers: 10
[2025-01-30T09:54:41.011+0700][gc,init] Periodic GC: Disabled
[2025-01-30T09:54:41.019+0700][gc,metaspace] CDS archive(s) mapped at: [0x0000000127000000-0x0000000127d8f000-0x0000000127d8f000), size 14217216, SharedBaseAddress: 0x0000000127000000, ArchiveRelocationMode: 1.
[2025-01-30T09:54:41.019+0700][gc,metaspace] Compressed class space mapped at: 0x0000000128000000-0x0000000168000000, reserved size: 1073741824
[2025-01-30T09:54:41.019+0700][gc,metaspace] Narrow klass base: 0x0000000127000000, Narrow klass shift: 0, Narrow klass range: 0x100000000
[2025-01-30T09:54:47.678+0700][gc,start    ] GC(0) Pause Young (Normal) (G1 Evacuation Pause)
[2025-01-30T09:54:47.679+0700][gc,task     ] GC(0) Using 10 workers of 10 for evacuation
[2025-01-30T09:54:47.683+0700][gc,phases   ] GC(0)   Pre Evacuate Collection Set: 0.17ms
[2025-01-30T09:54:47.683+0700][gc,phases   ] GC(0)   Merge Heap Roots: 0.15ms
[2025-01-30T09:54:47.683+0700][gc,phases   ] GC(0)   Evacuate Collection Set: 3.29ms
[2025-01-30T09:54:47.683+0700][gc,phases   ] GC(0)   Post Evacuate Collection Set: 0.77ms
[2025-01-30T09:54:47.683+0700][gc,phases   ] GC(0)   Other: 0.87ms
[2025-01-30T09:54:47.684+0700][gc,heap     ] GC(0) Eden regions: 51->0(44)
[2025-01-30T09:54:47.684+0700][gc,heap     ] GC(0) Survivor regions: 0->7(7)
[2025-01-30T09:54:47.684+0700][gc,heap     ] GC(0) Old regions: 2->3
[2025-01-30T09:54:47.684+0700][gc,heap     ] GC(0) Humongous regions: 0->0
[2025-01-30T09:54:47.684+0700][gc,metaspace] GC(0) Metaspace: 16906K(17152K)->16906K(17152K) NonClass: 14846K(14976K)->14846K(14976K) Class: 2059K(2176K)->2059K(2176K)
[2025-01-30T09:54:47.684+0700][gc          ] GC(0) Pause Young (Normal) (G1 Evacuation Pause) 52M->9M(1024M) 5.535ms
[2025-01-30T09:54:47.684+0700][gc,cpu      ] GC(0) User=0.02s Sys=0.01s Real=0.01s
[2025-01-30T09:54:48.054+0700][gc,start    ] GC(1) Pause Young (Concurrent Start) (Metadata GC Threshold)
[2025-01-30T09:54:48.054+0700][gc,task     ] GC(1) Using 10 workers of 10 for evacuation
[2025-01-30T09:54:48.058+0700][gc,phases   ] GC(1)   Pre Evacuate Collection Set: 0.25ms
[2025-01-30T09:54:48.058+0700][gc,phases   ] GC(1)   Merge Heap Roots: 0.08ms
[2025-01-30T09:54:48.058+0700][gc,phases   ] GC(1)   Evacuate Collection Set: 3.71ms
[2025-01-30T09:54:48.058+0700][gc,phases   ] GC(1)   Post Evacuate Collection Set: 0.38ms
[2025-01-30T09:54:48.058+0700][gc,phases   ] GC(1)   Other: 0.11ms
[2025-01-30T09:54:48.058+0700][gc,heap     ] GC(1) Eden regions: 17->0(49)
[2025-01-30T09:54:48.058+0700][gc,heap     ] GC(1) Survivor regions: 7->2(7)
[2025-01-30T09:54:48.058+0700][gc,heap     ] GC(1) Old regions: 3->11
[2025-01-30T09:54:48.058+0700][gc,heap     ] GC(1) Humongous regions: 0->0
[2025-01-30T09:54:48.058+0700][gc,metaspace] GC(1) Metaspace: 21216K(21504K)->21216K(21504K) NonClass: 18625K(18752K)->18625K(18752K) Class: 2591K(2752K)->2591K(2752K)
[2025-01-30T09:54:48.058+0700][gc          ] GC(1) Pause Young (Concurrent Start) (Metadata GC Threshold) 25M->11M(1024M) 4.800ms
[2025-01-30T09:54:48.058+0700][gc,cpu      ] GC(1) User=0.03s Sys=0.01s Real=0.00s
[2025-01-30T09:54:48.059+0700][gc          ] GC(2) Concurrent Mark Cycle
[2025-01-30T09:54:48.059+0700][gc,marking  ] GC(2) Concurrent Scan Root Regions
[2025-01-30T09:54:48.060+0700][gc,marking  ] GC(2) Concurrent Scan Root Regions 1.548ms
[2025-01-30T09:54:48.060+0700][gc,marking  ] GC(2) Concurrent Mark
[2025-01-30T09:54:48.060+0700][gc,marking  ] GC(2) Concurrent Mark From Roots
[2025-01-30T09:54:48.060+0700][gc,task     ] GC(2) Using 3 workers of 3 for marking
[2025-01-30T09:54:48.062+0700][gc,marking  ] GC(2) Concurrent Mark From Roots 1.598ms
[2025-01-30T09:54:48.062+0700][gc,marking  ] GC(2) Concurrent Preclean
[2025-01-30T09:54:48.062+0700][gc,marking  ] GC(2) Concurrent Preclean 0.032ms
[2025-01-30T09:54:48.062+0700][gc,start    ] GC(2) Pause Remark
[2025-01-30T09:54:48.064+0700][gc          ] GC(2) Pause Remark 11M->11M(1024M) 1.591ms
[2025-01-30T09:54:48.064+0700][gc,cpu      ] GC(2) User=0.01s Sys=0.00s Real=0.00s
[2025-01-30T09:54:48.064+0700][gc,marking  ] GC(2) Concurrent Mark 3.813ms
[2025-01-30T09:54:48.064+0700][gc,marking  ] GC(2) Concurrent Rebuild Remembered Sets and Scrub Regions
[2025-01-30T09:54:48.066+0700][gc,marking  ] GC(2) Concurrent Rebuild Remembered Sets and Scrub Regions 1.587ms
[2025-01-30T09:54:48.066+0700][gc,start    ] GC(2) Pause Cleanup
[2025-01-30T09:54:48.066+0700][gc          ] GC(2) Pause Cleanup 11M->11M(1024M) 0.036ms
[2025-01-30T09:54:48.066+0700][gc,cpu      ] GC(2) User=0.00s Sys=0.00s Real=0.00s
[2025-01-30T09:54:48.066+0700][gc,marking  ] GC(2) Concurrent Clear Claimed Marks
[2025-01-30T09:54:48.066+0700][gc,marking  ] GC(2) Concurrent Clear Claimed Marks 0.034ms
[2025-01-30T09:54:48.066+0700][gc,marking  ] GC(2) Concurrent Cleanup for Next Mark
[2025-01-30T09:54:48.070+0700][gc,marking  ] GC(2) Concurrent Cleanup for Next Mark 3.845ms
[2025-01-30T09:54:48.070+0700][gc          ] GC(2) Concurrent Mark Cycle 11.215ms
[2025-01-30T09:54:48.809+0700][gc,start    ] GC(3) Pause Young (Prepare Mixed) (G1 Evacuation Pause)
[2025-01-30T09:54:48.827+0700][gc,task     ] GC(3) Using 10 workers of 10 for evacuation
[2025-01-30T09:54:48.833+0700][gc,phases   ] GC(3)   Pre Evacuate Collection Set: 0.35ms
[2025-01-30T09:54:48.833+0700][gc,phases   ] GC(3)   Merge Heap Roots: 0.13ms
[2025-01-30T09:54:48.833+0700][gc,phases   ] GC(3)   Evacuate Collection Set: 4.06ms
[2025-01-30T09:54:48.833+0700][gc,phases   ] GC(3)   Post Evacuate Collection Set: 0.55ms
[2025-01-30T09:54:48.833+0700][gc,phases   ] GC(3)   Other: 0.21ms
[2025-01-30T09:54:48.833+0700][gc,heap     ] GC(3) Eden regions: 49->0(44)
[2025-01-30T09:54:48.833+0700][gc,heap     ] GC(3) Survivor regions: 2->7(7)
[2025-01-30T09:54:48.833+0700][gc,heap     ] GC(3) Old regions: 11->11
[2025-01-30T09:54:48.833+0700][gc,heap     ] GC(3) Humongous regions: 129->129
[2025-01-30T09:54:48.833+0700][gc,metaspace] GC(3) Metaspace: 32622K(32896K)->32622K(32896K) NonClass: 28957K(29120K)->28957K(29120K) Class: 3664K(3776K)->3664K(3776K)
[2025-01-30T09:54:48.833+0700][gc          ] GC(3) Pause Young (Prepare Mixed) (G1 Evacuation Pause) 189M->144M(1024M) 23.809ms
[2025-01-30T09:54:48.833+0700][gc,cpu      ] GC(3) User=0.04s Sys=0.00s Real=0.03s
[2025-01-30T09:54:49.037+0700][gc,start    ] GC(4) Pause Young (Mixed) (Metadata GC Threshold)
[2025-01-30T09:54:49.037+0700][gc,task     ] GC(4) Using 10 workers of 10 for evacuation
[2025-01-30T09:54:49.041+0700][gc,phases   ] GC(4)   Pre Evacuate Collection Set: 0.14ms
[2025-01-30T09:54:49.041+0700][gc,phases   ] GC(4)   Merge Heap Roots: 0.06ms
[2025-01-30T09:54:49.041+0700][gc,phases   ] GC(4)   Evacuate Collection Set: 3.57ms
[2025-01-30T09:54:49.041+0700][gc,phases   ] GC(4)   Post Evacuate Collection Set: 0.40ms
[2025-01-30T09:54:49.041+0700][gc,phases   ] GC(4)   Other: 0.09ms
[2025-01-30T09:54:49.041+0700][gc,heap     ] GC(4) Eden regions: 14->0(49)
[2025-01-30T09:54:49.041+0700][gc,heap     ] GC(4) Survivor regions: 7->2(7)
[2025-01-30T09:54:49.041+0700][gc,heap     ] GC(4) Old regions: 11->16
[2025-01-30T09:54:49.041+0700][gc,heap     ] GC(4) Humongous regions: 129->129
[2025-01-30T09:54:49.041+0700][gc,metaspace] GC(4) Metaspace: 35820K(36096K)->35820K(36096K) NonClass: 31729K(31872K)->31729K(31872K) Class: 4090K(4224K)->4090K(4224K)
[2025-01-30T09:54:49.041+0700][gc          ] GC(4) Pause Young (Mixed) (Metadata GC Threshold) 158M->145M(1024M) 4.499ms
[2025-01-30T09:54:49.041+0700][gc,cpu      ] GC(4) User=0.04s Sys=0.01s Real=0.01s
[2025-01-30T09:54:49.061+0700][gc,start    ] GC(5) Pause Young (Concurrent Start) (Metadata GC Threshold)
[2025-01-30T09:54:49.061+0700][gc,task     ] GC(5) Using 10 workers of 10 for evacuation
[2025-01-30T09:54:49.062+0700][gc,phases   ] GC(5)   Pre Evacuate Collection Set: 0.21ms
[2025-01-30T09:54:49.062+0700][gc,phases   ] GC(5)   Merge Heap Roots: 0.06ms
[2025-01-30T09:54:49.062+0700][gc,phases   ] GC(5)   Evacuate Collection Set: 0.79ms
[2025-01-30T09:54:49.062+0700][gc,phases   ] GC(5)   Post Evacuate Collection Set: 0.30ms
[2025-01-30T09:54:49.062+0700][gc,phases   ] GC(5)   Other: 0.17ms
[2025-01-30T09:54:49.062+0700][gc,heap     ] GC(5) Eden regions: 2->0(50)
[2025-01-30T09:54:49.062+0700][gc,heap     ] GC(5) Survivor regions: 2->1(7)
[2025-01-30T09:54:49.062+0700][gc,heap     ] GC(5) Old regions: 16->16
[2025-01-30T09:54:49.062+0700][gc,heap     ] GC(5) Humongous regions: 129->129
[2025-01-30T09:54:49.062+0700][gc,metaspace] GC(5) Metaspace: 36118K(36416K)->36118K(36416K) NonClass: 31985K(32128K)->31985K(32128K) Class: 4132K(4288K)->4132K(4288K)
[2025-01-30T09:54:49.062+0700][gc          ] GC(5) Pause Young (Concurrent Start) (Metadata GC Threshold) 147M->145M(1024M) 1.741ms
[2025-01-30T09:54:49.062+0700][gc,cpu      ] GC(5) User=0.01s Sys=0.00s Real=0.00s
[2025-01-30T09:54:49.062+0700][gc          ] GC(6) Concurrent Mark Cycle
[2025-01-30T09:54:49.063+0700][gc,marking  ] GC(6) Concurrent Scan Root Regions
[2025-01-30T09:54:49.064+0700][gc,marking  ] GC(6) Concurrent Scan Root Regions 1.137ms
[2025-01-30T09:54:49.064+0700][gc,marking  ] GC(6) Concurrent Mark
[2025-01-30T09:54:49.064+0700][gc,marking  ] GC(6) Concurrent Mark From Roots
[2025-01-30T09:54:49.064+0700][gc,task     ] GC(6) Using 3 workers of 3 for marking
[2025-01-30T09:54:49.072+0700][gc,marking  ] GC(6) Concurrent Mark From Roots 8.215ms
[2025-01-30T09:54:49.072+0700][gc,marking  ] GC(6) Concurrent Preclean
[2025-01-30T09:54:49.072+0700][gc,marking  ] GC(6) Concurrent Preclean 0.056ms
[2025-01-30T09:54:49.072+0700][gc,start    ] GC(6) Pause Remark
[2025-01-30T09:54:49.074+0700][gc          ] GC(6) Pause Remark 145M->145M(1024M) 1.658ms
[2025-01-30T09:54:49.074+0700][gc,cpu      ] GC(6) User=0.01s Sys=0.01s Real=0.00s
[2025-01-30T09:54:49.074+0700][gc,marking  ] GC(6) Concurrent Mark 10.568ms
[2025-01-30T09:54:49.074+0700][gc,marking  ] GC(6) Concurrent Rebuild Remembered Sets and Scrub Regions
[2025-01-30T09:54:49.078+0700][gc,marking  ] GC(6) Concurrent Rebuild Remembered Sets and Scrub Regions 3.278ms
[2025-01-30T09:54:49.078+0700][gc,start    ] GC(6) Pause Cleanup
[2025-01-30T09:54:49.078+0700][gc          ] GC(6) Pause Cleanup 146M->146M(1024M) 0.058ms
[2025-01-30T09:54:49.078+0700][gc,cpu      ] GC(6) User=0.00s Sys=0.00s Real=0.00s
[2025-01-30T09:54:49.078+0700][gc,marking  ] GC(6) Concurrent Clear Claimed Marks
[2025-01-30T09:54:49.078+0700][gc,marking  ] GC(6) Concurrent Clear Claimed Marks 0.036ms
[2025-01-30T09:54:49.078+0700][gc,marking  ] GC(6) Concurrent Cleanup for Next Mark
[2025-01-30T09:54:49.079+0700][gc,marking  ] GC(6) Concurrent Cleanup for Next Mark 1.346ms
[2025-01-30T09:54:49.079+0700][gc          ] GC(6) Concurrent Mark Cycle 16.954ms
[2025-01-30T10:00:44.865+0700][gc,start    ] GC(7) Pause Young (Normal) (G1 Evacuation Pause)
[2025-01-30T10:00:44.865+0700][gc,task     ] GC(7) Using 10 workers of 10 for evacuation
[2025-01-30T10:00:44.869+0700][gc,phases   ] GC(7)   Pre Evacuate Collection Set: 0.16ms
[2025-01-30T10:00:44.869+0700][gc,phases   ] GC(7)   Merge Heap Roots: 0.10ms
[2025-01-30T10:00:44.869+0700][gc,phases   ] GC(7)   Evacuate Collection Set: 2.65ms
[2025-01-30T10:00:44.869+0700][gc,phases   ] GC(7)   Post Evacuate Collection Set: 0.45ms
[2025-01-30T10:00:44.869+0700][gc,phases   ] GC(7)   Other: 0.09ms
[2025-01-30T10:00:44.869+0700][gc,heap     ] GC(7) Eden regions: 50->0(46)
[2025-01-30T10:00:44.869+0700][gc,heap     ] GC(7) Survivor regions: 1->5(7)
[2025-01-30T10:00:44.869+0700][gc,heap     ] GC(7) Old regions: 16->16
[2025-01-30T10:00:44.869+0700][gc,heap     ] GC(7) Humongous regions: 129->129
[2025-01-30T10:00:44.869+0700][gc,metaspace] GC(7) Metaspace: 41681K(42240K)->41681K(42240K) NonClass: 36656K(36992K)->36656K(36992K) Class: 5024K(5248K)->5024K(5248K)
[2025-01-30T10:00:44.869+0700][gc          ] GC(7) Pause Young (Normal) (G1 Evacuation Pause) 195M->149M(1024M) 3.737ms
[2025-01-30T10:00:44.869+0700][gc,cpu      ] GC(7) User=0.02s Sys=0.00s Real=0.00s
[2025-01-30T10:03:16.659+0700][gc,start    ] GC(8) Pause Young (Normal) (G1 Evacuation Pause)
[2025-01-30T10:03:16.659+0700][gc,task     ] GC(8) Using 10 workers of 10 for evacuation
[2025-01-30T10:03:16.663+0700][gc,phases   ] GC(8)   Pre Evacuate Collection Set: 0.17ms
[2025-01-30T10:03:16.663+0700][gc,phases   ] GC(8)   Merge Heap Roots: 0.08ms
[2025-01-30T10:03:16.663+0700][gc,phases   ] GC(8)   Evacuate Collection Set: 2.97ms
[2025-01-30T10:03:16.663+0700][gc,phases   ] GC(8)   Post Evacuate Collection Set: 0.31ms
[2025-01-30T10:03:16.663+0700][gc,phases   ] GC(8)   Other: 0.08ms
[2025-01-30T10:03:16.663+0700][gc,heap     ] GC(8) Eden regions: 46->0(48)
[2025-01-30T10:03:16.663+0700][gc,heap     ] GC(8) Survivor regions: 5->3(7)
[2025-01-30T10:03:16.663+0700][gc,heap     ] GC(8) Old regions: 16->20
[2025-01-30T10:03:16.663+0700][gc,heap     ] GC(8) Humongous regions: 129->129
[2025-01-30T10:03:16.663+0700][gc,metaspace] GC(8) Metaspace: 43245K(43840K)->43245K(43840K) NonClass: 38042K(38400K)->38042K(38400K) Class: 5202K(5440K)->5202K(5440K)
[2025-01-30T10:03:16.663+0700][gc          ] GC(8) Pause Young (Normal) (G1 Evacuation Pause) 195M->151M(1024M) 3.842ms
[2025-01-30T10:03:16.663+0700][gc,cpu      ] GC(8) User=0.03s Sys=0.01s Real=0.01s
[2025-01-30T10:06:18.394+0700][gc,start    ] GC(9) Pause Young (Normal) (G1 Evacuation Pause)
[2025-01-30T10:06:18.394+0700][gc,task     ] GC(9) Using 10 workers of 10 for evacuation
[2025-01-30T10:06:18.398+0700][gc,phases   ] GC(9)   Pre Evacuate Collection Set: 0.19ms
[2025-01-30T10:06:18.398+0700][gc,phases   ] GC(9)   Merge Heap Roots: 0.10ms
[2025-01-30T10:06:18.398+0700][gc,phases   ] GC(9)   Evacuate Collection Set: 2.74ms
[2025-01-30T10:06:18.398+0700][gc,phases   ] GC(9)   Post Evacuate Collection Set: 0.37ms
[2025-01-30T10:06:18.398+0700][gc,phases   ] GC(9)   Other: 0.11ms
[2025-01-30T10:06:18.398+0700][gc,heap     ] GC(9) Eden regions: 48->0(45)
[2025-01-30T10:06:18.398+0700][gc,heap     ] GC(9) Survivor regions: 3->6(7)
[2025-01-30T10:06:18.398+0700][gc,heap     ] GC(9) Old regions: 20->20
[2025-01-30T10:06:18.398+0700][gc,heap     ] GC(9) Humongous regions: 129->129
[2025-01-30T10:06:18.398+0700][gc,metaspace] GC(9) Metaspace: 43354K(43968K)->43354K(43968K) NonClass: 38135K(38464K)->38135K(38464K) Class: 5219K(5504K)->5219K(5504K)
[2025-01-30T10:06:18.398+0700][gc          ] GC(9) Pause Young (Normal) (G1 Evacuation Pause) 199M->154M(1024M) 3.789ms
[2025-01-30T10:06:18.398+0700][gc,cpu      ] GC(9) User=0.02s Sys=0.00s Real=0.00s
[2025-01-30T10:09:22.830+0700][gc,start    ] GC(10) Pause Young (Normal) (G1 Evacuation Pause)
[2025-01-30T10:09:22.830+0700][gc,task     ] GC(10) Using 10 workers of 10 for evacuation
[2025-01-30T10:09:22.835+0700][gc,phases   ] GC(10)   Pre Evacuate Collection Set: 0.23ms
[2025-01-30T10:09:22.835+0700][gc,phases   ] GC(10)   Merge Heap Roots: 0.11ms
[2025-01-30T10:09:22.835+0700][gc,phases   ] GC(10)   Evacuate Collection Set: 3.98ms
[2025-01-30T10:09:22.835+0700][gc,phases   ] GC(10)   Post Evacuate Collection Set: 0.42ms
[2025-01-30T10:09:22.835+0700][gc,phases   ] GC(10)   Other: 0.12ms
[2025-01-30T10:09:22.835+0700][gc,heap     ] GC(10) Eden regions: 45->0(48)
[2025-01-30T10:09:22.835+0700][gc,heap     ] GC(10) Survivor regions: 6->3(7)
[2025-01-30T10:09:22.835+0700][gc,heap     ] GC(10) Old regions: 20->24
[2025-01-30T10:09:22.835+0700][gc,heap     ] GC(10) Humongous regions: 129->129
[2025-01-30T10:09:22.835+0700][gc,metaspace] GC(10) Metaspace: 43393K(44032K)->43393K(44032K) NonClass: 38174K(38528K)->38174K(38528K) Class: 5219K(5504K)->5219K(5504K)
[2025-01-30T10:09:22.835+0700][gc          ] GC(10) Pause Young (Normal) (G1 Evacuation Pause) 199M->155M(1024M) 5.230ms
[2025-01-30T10:09:22.835+0700][gc,cpu      ] GC(10) User=0.04s Sys=0.01s Real=0.00s
[2025-01-30T10:17:43.777+0700][gc,start    ] GC(11) Pause Young (Normal) (G1 Evacuation Pause)
[2025-01-30T10:17:43.778+0700][gc,task     ] GC(11) Using 10 workers of 10 for evacuation
[2025-01-30T10:17:43.781+0700][gc,phases   ] GC(11)   Pre Evacuate Collection Set: 0.20ms
[2025-01-30T10:17:43.781+0700][gc,phases   ] GC(11)   Merge Heap Roots: 0.08ms
[2025-01-30T10:17:43.781+0700][gc,phases   ] GC(11)   Evacuate Collection Set: 3.09ms
[2025-01-30T10:17:43.781+0700][gc,phases   ] GC(11)   Post Evacuate Collection Set: 0.29ms
[2025-01-30T10:17:43.781+0700][gc,phases   ] GC(11)   Other: 0.10ms
[2025-01-30T10:17:43.781+0700][gc,heap     ] GC(11) Eden regions: 48->0(44)
[2025-01-30T10:17:43.781+0700][gc,heap     ] GC(11) Survivor regions: 3->7(7)
[2025-01-30T10:17:43.781+0700][gc,heap     ] GC(11) Old regions: 24->24
[2025-01-30T10:17:43.781+0700][gc,heap     ] GC(11) Humongous regions: 129->129
[2025-01-30T10:17:43.781+0700][gc,metaspace] GC(11) Metaspace: 43417K(44032K)->43417K(44032K) NonClass: 38196K(38528K)->38196K(38528K) Class: 5220K(5504K)->5220K(5504K)
[2025-01-30T10:17:43.781+0700][gc          ] GC(11) Pause Young (Normal) (G1 Evacuation Pause) 203M->159M(1024M) 4.040ms
[2025-01-30T10:17:43.782+0700][gc,cpu      ] GC(11) User=0.03s Sys=0.00s Real=0.01s
[2025-01-30T10:20:54.379+0700][gc,start    ] GC(12) Pause Young (Normal) (G1 Evacuation Pause)
[2025-01-30T10:20:54.379+0700][gc,task     ] GC(12) Using 10 workers of 10 for evacuation
[2025-01-30T10:20:54.384+0700][gc,phases   ] GC(12)   Pre Evacuate Collection Set: 0.22ms
[2025-01-30T10:20:54.384+0700][gc,phases   ] GC(12)   Merge Heap Roots: 0.09ms
[2025-01-30T10:20:54.384+0700][gc,phases   ] GC(12)   Evacuate Collection Set: 4.12ms
[2025-01-30T10:20:54.384+0700][gc,phases   ] GC(12)   Post Evacuate Collection Set: 0.33ms
[2025-01-30T10:20:54.384+0700][gc,phases   ] GC(12)   Other: 0.11ms
[2025-01-30T10:20:54.384+0700][gc,heap     ] GC(12) Eden regions: 44->0(73)
[2025-01-30T10:20:54.384+0700][gc,heap     ] GC(12) Survivor regions: 7->4(7)
[2025-01-30T10:20:54.384+0700][gc,heap     ] GC(12) Old regions: 24->29
[2025-01-30T10:20:54.384+0700][gc,heap     ] GC(12) Humongous regions: 129->129
[2025-01-30T10:20:54.384+0700][gc,metaspace] GC(12) Metaspace: 43462K(44096K)->43462K(44096K) NonClass: 38242K(38592K)->38242K(38592K) Class: 5220K(5504K)->5220K(5504K)
[2025-01-30T10:20:54.384+0700][gc          ] GC(12) Pause Young (Normal) (G1 Evacuation Pause) 203M->160M(1024M) 5.156ms
[2025-01-30T10:20:54.385+0700][gc,cpu      ] GC(12) User=0.03s Sys=0.00s Real=0.01s
[2025-01-30T10:26:08.165+0700][gc,start    ] GC(13) Pause Young (Normal) (G1 Evacuation Pause)
[2025-01-30T10:26:08.165+0700][gc,task     ] GC(13) Using 10 workers of 10 for evacuation
[2025-01-30T10:26:08.169+0700][gc,phases   ] GC(13)   Pre Evacuate Collection Set: 0.13ms
[2025-01-30T10:26:08.169+0700][gc,phases   ] GC(13)   Merge Heap Roots: 0.08ms
[2025-01-30T10:26:08.170+0700][gc,phases   ] GC(13)   Evacuate Collection Set: 3.46ms
[2025-01-30T10:26:08.170+0700][gc,phases   ] GC(13)   Post Evacuate Collection Set: 0.23ms
[2025-01-30T10:26:08.170+0700][gc,phases   ] GC(13)   Other: 0.10ms
[2025-01-30T10:26:08.170+0700][gc,heap     ] GC(13) Eden regions: 71->0(51)
[2025-01-30T10:26:08.170+0700][gc,heap     ] GC(13) Survivor regions: 4->9(10)
[2025-01-30T10:26:08.170+0700][gc,heap     ] GC(13) Old regions: 29->29
[2025-01-30T10:26:08.170+0700][gc,heap     ] GC(13) Humongous regions: 129->129
[2025-01-30T10:26:08.170+0700][gc,metaspace] GC(13) Metaspace: 43513K(44160K)->43513K(44160K) NonClass: 38292K(38656K)->38292K(38656K) Class: 5220K(5504K)->5220K(5504K)
[2025-01-30T10:26:08.170+0700][gc          ] GC(13) Pause Young (Normal) (G1 Evacuation Pause) 231M->165M(1024M) 4.222ms
[2025-01-30T10:26:08.170+0700][gc,cpu      ] GC(13) User=0.02s Sys=0.01s Real=0.01s
[2025-01-30T10:29:53.520+0700][gc,start    ] GC(14) Pause Young (Normal) (G1 Evacuation Pause)
[2025-01-30T10:29:53.521+0700][gc,task     ] GC(14) Using 10 workers of 10 for evacuation
[2025-01-30T10:29:53.528+0700][gc,phases   ] GC(14)   Pre Evacuate Collection Set: 0.36ms
[2025-01-30T10:29:53.528+0700][gc,phases   ] GC(14)   Merge Heap Roots: 0.23ms
[2025-01-30T10:29:53.528+0700][gc,phases   ] GC(14)   Evacuate Collection Set: 6.01ms
[2025-01-30T10:29:53.528+0700][gc,phases   ] GC(14)   Post Evacuate Collection Set: 0.34ms
[2025-01-30T10:29:53.528+0700][gc,phases   ] GC(14)   Other: 0.15ms
[2025-01-30T10:29:53.528+0700][gc,heap     ] GC(14) Eden regions: 51->0(68)
[2025-01-30T10:29:53.528+0700][gc,heap     ] GC(14) Survivor regions: 9->5(8)
[2025-01-30T10:29:53.528+0700][gc,heap     ] GC(14) Old regions: 29->35
[2025-01-30T10:29:53.528+0700][gc,heap     ] GC(14) Humongous regions: 129->129
[2025-01-30T10:29:53.528+0700][gc,metaspace] GC(14) Metaspace: 43532K(44160K)->43532K(44160K) NonClass: 38311K(38656K)->38311K(38656K) Class: 5220K(5504K)->5220K(5504K)
[2025-01-30T10:29:53.528+0700][gc          ] GC(14) Pause Young (Normal) (G1 Evacuation Pause) 216M->168M(1024M) 7.441ms
[2025-01-30T10:29:53.528+0700][gc,cpu      ] GC(14) User=0.05s Sys=0.00s Real=0.00s
[2025-01-30T10:34:54.870+0700][gc,start    ] GC(15) Pause Young (Normal) (G1 Evacuation Pause)
[2025-01-30T10:34:54.871+0700][gc,task     ] GC(15) Using 10 workers of 10 for evacuation
[2025-01-30T10:34:54.876+0700][gc,phases   ] GC(15)   Pre Evacuate Collection Set: 0.20ms
[2025-01-30T10:34:54.876+0700][gc,phases   ] GC(15)   Merge Heap Roots: 0.16ms
[2025-01-30T10:34:54.876+0700][gc,phases   ] GC(15)   Evacuate Collection Set: 4.83ms
[2025-01-30T10:34:54.876+0700][gc,phases   ] GC(15)   Post Evacuate Collection Set: 0.39ms
[2025-01-30T10:34:54.876+0700][gc,phases   ] GC(15)   Other: 0.14ms
[2025-01-30T10:34:54.876+0700][gc,heap     ] GC(15) Eden regions: 68->0(63)
[2025-01-30T10:34:54.876+0700][gc,heap     ] GC(15) Survivor regions: 5->10(10)
[2025-01-30T10:34:54.876+0700][gc,heap     ] GC(15) Old regions: 35->35
[2025-01-30T10:34:54.876+0700][gc,heap     ] GC(15) Humongous regions: 129->129
[2025-01-30T10:34:54.877+0700][gc,metaspace] GC(15) Metaspace: 43565K(44224K)->43565K(44224K) NonClass: 38344K(38720K)->38344K(38720K) Class: 5220K(5504K)->5220K(5504K)
[2025-01-30T10:34:54.877+0700][gc          ] GC(15) Pause Young (Normal) (G1 Evacuation Pause) 236M->173M(1024M) 6.074ms
[2025-01-30T10:34:54.877+0700][gc,cpu      ] GC(15) User=0.04s Sys=0.00s Real=0.00s
[2025-01-30T10:39:32.621+0700][gc,start    ] GC(16) Pause Young (Normal) (G1 Evacuation Pause)
[2025-01-30T10:39:32.621+0700][gc,task     ] GC(16) Using 10 workers of 10 for evacuation
[2025-01-30T10:39:32.628+0700][gc,phases   ] GC(16)   Pre Evacuate Collection Set: 0.26ms
[2025-01-30T10:39:32.628+0700][gc,phases   ] GC(16)   Merge Heap Roots: 0.11ms
[2025-01-30T10:39:32.628+0700][gc,phases   ] GC(16)   Evacuate Collection Set: 5.39ms
[2025-01-30T10:39:32.628+0700][gc,phases   ] GC(16)   Post Evacuate Collection Set: 0.34ms
[2025-01-30T10:39:32.628+0700][gc,phases   ] GC(16)   Other: 0.14ms
[2025-01-30T10:39:32.628+0700][gc,heap     ] GC(16) Eden regions: 63->0(101)
[2025-01-30T10:39:32.628+0700][gc,heap     ] GC(16) Survivor regions: 10->5(10)
[2025-01-30T10:39:32.628+0700][gc,heap     ] GC(16) Old regions: 35->42
[2025-01-30T10:39:32.628+0700][gc,heap     ] GC(16) Humongous regions: 129->129
[2025-01-30T10:39:32.628+0700][gc,metaspace] GC(16) Metaspace: 43592K(44224K)->43592K(44224K) NonClass: 38371K(38720K)->38371K(38720K) Class: 5220K(5504K)->5220K(5504K)
[2025-01-30T10:39:32.628+0700][gc          ] GC(16) Pause Young (Normal) (G1 Evacuation Pause) 236M->174M(1024M) 6.557ms
[2025-01-30T10:39:32.628+0700][gc,cpu      ] GC(16) User=0.04s Sys=0.01s Real=0.00s
[2025-01-30T10:46:59.704+0700][gc,start    ] GC(17) Pause Young (Normal) (G1 Evacuation Pause)
[2025-01-30T10:46:59.705+0700][gc,task     ] GC(17) Using 10 workers of 10 for evacuation
[2025-01-30T10:46:59.713+0700][gc,phases   ] GC(17)   Pre Evacuate Collection Set: 0.23ms
[2025-01-30T10:46:59.713+0700][gc,phases   ] GC(17)   Merge Heap Roots: 0.12ms
[2025-01-30T10:46:59.713+0700][gc,phases   ] GC(17)   Evacuate Collection Set: 7.31ms
[2025-01-30T10:46:59.713+0700][gc,phases   ] GC(17)   Post Evacuate Collection Set: 0.35ms
[2025-01-30T10:46:59.713+0700][gc,phases   ] GC(17)   Other: 0.18ms
[2025-01-30T10:46:59.713+0700][gc,heap     ] GC(17) Eden regions: 101->0(75)
[2025-01-30T10:46:59.713+0700][gc,heap     ] GC(17) Survivor regions: 5->11(14)
[2025-01-30T10:46:59.713+0700][gc,heap     ] GC(17) Old regions: 42->42
[2025-01-30T10:46:59.713+0700][gc,heap     ] GC(17) Humongous regions: 129->129
[2025-01-30T10:46:59.713+0700][gc,metaspace] GC(17) Metaspace: 43657K(44288K)->43657K(44288K) NonClass: 38436K(38784K)->38436K(38784K) Class: 5220K(5504K)->5220K(5504K)
[2025-01-30T10:46:59.713+0700][gc          ] GC(17) Pause Young (Normal) (G1 Evacuation Pause) 275M->181M(1024M) 8.509ms
[2025-01-30T10:46:59.713+0700][gc,cpu      ] GC(17) User=0.06s Sys=0.01s Real=0.01s
[2025-01-30T10:52:29.315+0700][gc,start    ] GC(18) Pause Young (Normal) (G1 Evacuation Pause)
[2025-01-30T10:52:29.315+0700][gc,task     ] GC(18) Using 10 workers of 10 for evacuation
[2025-01-30T10:52:29.323+0700][gc,phases   ] GC(18)   Pre Evacuate Collection Set: 0.32ms
[2025-01-30T10:52:29.323+0700][gc,phases   ] GC(18)   Merge Heap Roots: 0.13ms
[2025-01-30T10:52:29.323+0700][gc,phases   ] GC(18)   Evacuate Collection Set: 6.64ms
[2025-01-30T10:52:29.323+0700][gc,phases   ] GC(18)   Post Evacuate Collection Set: 0.39ms
[2025-01-30T10:52:29.323+0700][gc,phases   ] GC(18)   Other: 0.12ms
[2025-01-30T10:52:29.323+0700][gc,heap     ] GC(18) Eden regions: 75->0(99)
[2025-01-30T10:52:29.323+0700][gc,heap     ] GC(18) Survivor regions: 11->6(11)
[2025-01-30T10:52:29.323+0700][gc,heap     ] GC(18) Old regions: 42->51
[2025-01-30T10:52:29.323+0700][gc,heap     ] GC(18) Humongous regions: 129->129
[2025-01-30T10:52:29.323+0700][gc,metaspace] GC(18) Metaspace: 43661K(44288K)->43661K(44288K) NonClass: 38440K(38784K)->38440K(38784K) Class: 5220K(5504K)->5220K(5504K)
[2025-01-30T10:52:29.323+0700][gc          ] GC(18) Pause Young (Normal) (G1 Evacuation Pause) 256M->184M(1024M) 7.884ms
[2025-01-30T10:52:29.323+0700][gc,cpu      ] GC(18) User=0.06s Sys=0.01s Real=0.01s
[2025-01-30T10:59:46.440+0700][gc,start    ] GC(19) Pause Young (Normal) (G1 Evacuation Pause)
[2025-01-30T10:59:46.440+0700][gc,task     ] GC(19) Using 10 workers of 10 for evacuation
[2025-01-30T10:59:46.455+0700][gc,phases   ] GC(19)   Pre Evacuate Collection Set: 2.35ms
[2025-01-30T10:59:46.455+0700][gc,phases   ] GC(19)   Merge Heap Roots: 1.13ms
[2025-01-30T10:59:46.455+0700][gc,phases   ] GC(19)   Evacuate Collection Set: 10.63ms
[2025-01-30T10:59:46.455+0700][gc,phases   ] GC(19)   Post Evacuate Collection Set: 0.79ms
[2025-01-30T10:59:46.455+0700][gc,phases   ] GC(19)   Other: 0.15ms
[2025-01-30T10:59:46.455+0700][gc,heap     ] GC(19) Eden regions: 99->0(86)
[2025-01-30T10:59:46.455+0700][gc,heap     ] GC(19) Survivor regions: 6->12(14)
[2025-01-30T10:59:46.455+0700][gc,heap     ] GC(19) Old regions: 51->51
[2025-01-30T10:59:46.455+0700][gc,heap     ] GC(19) Humongous regions: 129->129
[2025-01-30T10:59:46.455+0700][gc,metaspace] GC(19) Metaspace: 43677K(44288K)->43677K(44288K) NonClass: 38456K(38784K)->38456K(38784K) Class: 5220K(5504K)->5220K(5504K)
[2025-01-30T10:59:46.455+0700][gc          ] GC(19) Pause Young (Normal) (G1 Evacuation Pause) 283M->190M(1024M) 15.458ms
[2025-01-30T10:59:46.455+0700][gc,cpu      ] GC(19) User=0.05s Sys=0.00s Real=0.01s
[2025-01-30T11:05:37.107+0700][gc,start    ] GC(20) Pause Young (Normal) (G1 Evacuation Pause)
[2025-01-30T11:05:37.107+0700][gc,task     ] GC(20) Using 10 workers of 10 for evacuation
[2025-01-30T11:05:37.115+0700][gc,phases   ] GC(20)   Pre Evacuate Collection Set: 0.27ms
[2025-01-30T11:05:37.115+0700][gc,phases   ] GC(20)   Merge Heap Roots: 0.09ms
[2025-01-30T11:05:37.115+0700][gc,phases   ] GC(20)   Evacuate Collection Set: 6.51ms
[2025-01-30T11:05:37.115+0700][gc,phases   ] GC(20)   Post Evacuate Collection Set: 0.47ms
[2025-01-30T11:05:37.115+0700][gc,phases   ] GC(20)   Other: 0.12ms
[2025-01-30T11:05:37.115+0700][gc,heap     ] GC(20) Eden regions: 84->0(133)
[2025-01-30T11:05:37.115+0700][gc,heap     ] GC(20) Survivor regions: 12->5(12)
[2025-01-30T11:05:37.115+0700][gc,heap     ] GC(20) Old regions: 51->60
[2025-01-30T11:05:37.115+0700][gc,heap     ] GC(20) Humongous regions: 129->129
[2025-01-30T11:05:37.115+0700][gc,metaspace] GC(20) Metaspace: 43715K(44416K)->43715K(44416K) NonClass: 38490K(38912K)->38490K(38912K) Class: 5224K(5504K)->5224K(5504K)
[2025-01-30T11:05:37.115+0700][gc          ] GC(20) Pause Young (Normal) (G1 Evacuation Pause) 274M->193M(1024M) 7.785ms
[2025-01-30T11:05:37.115+0700][gc,cpu      ] GC(20) User=0.05s Sys=0.01s Real=0.01s
[2025-01-30T11:15:17.010+0700][gc,start    ] GC(21) Pause Young (Normal) (G1 Evacuation Pause)
[2025-01-30T11:15:17.010+0700][gc,task     ] GC(21) Using 10 workers of 10 for evacuation
[2025-01-30T11:15:17.012+0700][gc,phases   ] GC(21)   Pre Evacuate Collection Set: 0.19ms
[2025-01-30T11:15:17.012+0700][gc,phases   ] GC(21)   Merge Heap Roots: 0.10ms
[2025-01-30T11:15:17.012+0700][gc,phases   ] GC(21)   Evacuate Collection Set: 2.03ms
[2025-01-30T11:15:17.012+0700][gc,phases   ] GC(21)   Post Evacuate Collection Set: 0.36ms
[2025-01-30T11:15:17.012+0700][gc,phases   ] GC(21)   Other: 0.12ms
[2025-01-30T11:15:17.013+0700][gc,heap     ] GC(21) Eden regions: 132->0(129)
[2025-01-30T11:15:17.013+0700][gc,heap     ] GC(21) Survivor regions: 5->3(18)
[2025-01-30T11:15:17.013+0700][gc,heap     ] GC(21) Old regions: 60->60
[2025-01-30T11:15:17.013+0700][gc,heap     ] GC(21) Humongous regions: 129->129
[2025-01-30T11:15:17.013+0700][gc,metaspace] GC(21) Metaspace: 43732K(44416K)->43732K(44416K) NonClass: 38507K(38912K)->38507K(38912K) Class: 5224K(5504K)->5224K(5504K)
[2025-01-30T11:15:17.013+0700][gc          ] GC(21) Pause Young (Normal) (G1 Evacuation Pause) 325M->191M(1024M) 3.059ms
[2025-01-30T11:15:17.013+0700][gc,cpu      ] GC(21) User=0.01s Sys=0.00s Real=0.00s
[2025-01-30T11:22:23.183+0700][gc,heap,exit] Heap
[2025-01-30T11:22:23.183+0700][gc,heap,exit]  garbage-first heap   total reserved 1048576K, committed 1048576K, used 305114K [0x00000007c0000000, 0x0000000800000000)
[2025-01-30T11:22:23.183+0700][gc,heap,exit]   region size 1024K, 110 young (112640K), 3 survivors (3072K)
[2025-01-30T11:22:23.183+0700][gc,heap,exit]  Metaspace       used 44691K, committed 45376K, reserved 1114112K
[2025-01-30T11:22:23.183+0700][gc,heap,exit]   class space    used 5422K, committed 5696K, reserved 1048576K
