[2025-01-28 10:39:22,093] INFO [Controller id=0 epoch=1] Sending UpdateMetadata request to brokers HashSet(0) for 0 partitions (state.change.logger)
[2025-01-28 10:42:34,571] INFO [Controller id=0 epoch=1] Changed partition _schemas-0 state from NonExistentPartition to NewPartition with assigned replicas 0 (state.change.logger)
[2025-01-28 10:42:34,572] INFO [Controller id=0 epoch=1] Sending UpdateMetadata request to brokers HashSet() for 0 partitions (state.change.logger)
[2025-01-28 10:42:34,575] INFO [Controller id=0 epoch=1] Sending UpdateMetadata request to brokers HashSet() for 0 partitions (state.change.logger)
[2025-01-28 10:42:34,659] INFO [Controller id=0 epoch=1] Changed partition _schemas-0 from NewPartition to OnlinePartition with state LeaderAndIsr(leader=0, leaderEpoch=0, isrWithBrokerEpoch=List(BrokerState(brokerId=0, brokerEpoch=-1)), leaderRecoveryState=RECOVERED, partitionEpoch=0) (state.change.logger)
[2025-01-28 10:42:34,661] INFO [Controller id=0 epoch=1] Sending LeaderAndIsr request to broker 0 with 1 become-leader and 0 become-follower partitions (state.change.logger)
[2025-01-28 10:42:34,663] INFO [Controller id=0 epoch=1] Sending UpdateMetadata request to brokers HashSet(0) for 1 partitions (state.change.logger)
[2025-01-28 10:42:34,663] INFO [Controller id=0 epoch=1] Sending UpdateMetadata request to brokers HashSet() for 0 partitions (state.change.logger)
[2025-01-28 10:42:34,667] INFO [Broker id=0] Handling LeaderAndIsr request correlationId 1 from controller 0 for 1 partitions (state.change.logger)
[2025-01-28 10:42:34,685] INFO [Broker id=0] Stopped fetchers as part of LeaderAndIsr request correlationId 1 from controller 0 epoch 1 as part of the become-leader transition for 1 partitions (state.change.logger)
[2025-01-28 10:42:34,772] INFO [Broker id=0] Leader _schemas-0 with topic id Some(8dGncSofSPuyipizJrPeUw) starts at leader epoch 0 from offset 0 with partition epoch 0, high watermark 0, ISR [0], adding replicas [] and removing replicas [] . Previous leader None and previous leader epoch was -1. (state.change.logger)
[2025-01-28 10:42:34,804] INFO [Broker id=0] Finished LeaderAndIsr request in 139ms correlationId 1 from controller 0 for 1 partitions (state.change.logger)
[2025-01-28 10:42:34,832] INFO [Broker id=0] Add 1 partitions and deleted 0 partitions from metadata cache in response to UpdateMetadata request sent by controller 0 epoch 1 with correlation id 2 (state.change.logger)
[2025-01-28 10:55:01,519] INFO [Controller id=0 epoch=1] Changed partition connect_offsets-20 state from NonExistentPartition to NewPartition with assigned replicas 0 (state.change.logger)
[2025-01-28 10:55:01,519] INFO [Controller id=0 epoch=1] Changed partition connect_offsets-5 state from NonExistentPartition to NewPartition with assigned replicas 0 (state.change.logger)
[2025-01-28 10:55:01,519] INFO [Controller id=0 epoch=1] Changed partition connect_offsets-13 state from NonExistentPartition to NewPartition with assigned replicas 0 (state.change.logger)
[2025-01-28 10:55:01,519] INFO [Controller id=0 epoch=1] Changed partition connect_offsets-23 state from NonExistentPartition to NewPartition with assigned replicas 0 (state.change.logger)
[2025-01-28 10:55:01,519] INFO [Controller id=0 epoch=1] Changed partition connect_offsets-22 state from NonExistentPartition to NewPartition with assigned replicas 0 (state.change.logger)
[2025-01-28 10:55:01,519] INFO [Controller id=0 epoch=1] Changed partition connect_offsets-12 state from NonExistentPartition to NewPartition with assigned replicas 0 (state.change.logger)
[2025-01-28 10:55:01,519] INFO [Controller id=0 epoch=1] Changed partition connect_offsets-21 state from NonExistentPartition to NewPartition with assigned replicas 0 (state.change.logger)
[2025-01-28 10:55:01,519] INFO [Controller id=0 epoch=1] Changed partition connect_offsets-0 state from NonExistentPartition to NewPartition with assigned replicas 0 (state.change.logger)
[2025-01-28 10:55:01,519] INFO [Controller id=0 epoch=1] Changed partition connect_offsets-14 state from NonExistentPartition to NewPartition with assigned replicas 0 (state.change.logger)
[2025-01-28 10:55:01,519] INFO [Controller id=0 epoch=1] Changed partition connect_offsets-1 state from NonExistentPartition to NewPartition with assigned replicas 0 (state.change.logger)
[2025-01-28 10:55:01,519] INFO [Controller id=0 epoch=1] Changed partition connect_offsets-19 state from NonExistentPartition to NewPartition with assigned replicas 0 (state.change.logger)
[2025-01-28 10:55:01,519] INFO [Controller id=0 epoch=1] Changed partition connect_offsets-15 state from NonExistentPartition to NewPartition with assigned replicas 0 (state.change.logger)
[2025-01-28 10:55:01,519] INFO [Controller id=0 epoch=1] Changed partition connect_offsets-11 state from NonExistentPartition to NewPartition with assigned replicas 0 (state.change.logger)
[2025-01-28 10:55:01,519] INFO [Controller id=0 epoch=1] Changed partition connect_offsets-8 state from NonExistentPartition to NewPartition with assigned replicas 0 (state.change.logger)
[2025-01-28 10:55:01,519] INFO [Controller id=0 epoch=1] Changed partition connect_offsets-24 state from NonExistentPartition to NewPartition with assigned replicas 0 (state.change.logger)
[2025-01-28 10:55:01,519] INFO [Controller id=0 epoch=1] Changed partition connect_offsets-16 state from NonExistentPartition to NewPartition with assigned replicas 0 (state.change.logger)
[2025-01-28 10:55:01,519] INFO [Controller id=0 epoch=1] Changed partition connect_offsets-6 state from NonExistentPartition to NewPartition with assigned replicas 0 (state.change.logger)
[2025-01-28 10:55:01,519] INFO [Controller id=0 epoch=1] Changed partition connect_offsets-2 state from NonExistentPartition to NewPartition with assigned replicas 0 (state.change.logger)
[2025-01-28 10:55:01,519] INFO [Controller id=0 epoch=1] Changed partition connect_offsets-9 state from NonExistentPartition to NewPartition with assigned replicas 0 (state.change.logger)
[2025-01-28 10:55:01,519] INFO [Controller id=0 epoch=1] Changed partition connect_offsets-17 state from NonExistentPartition to NewPartition with assigned replicas 0 (state.change.logger)
[2025-01-28 10:55:01,519] INFO [Controller id=0 epoch=1] Changed partition connect_offsets-4 state from NonExistentPartition to NewPartition with assigned replicas 0 (state.change.logger)
[2025-01-28 10:55:01,519] INFO [Controller id=0 epoch=1] Changed partition connect_offsets-3 state from NonExistentPartition to NewPartition with assigned replicas 0 (state.change.logger)
[2025-01-28 10:55:01,519] INFO [Controller id=0 epoch=1] Changed partition connect_offsets-7 state from NonExistentPartition to NewPartition with assigned replicas 0 (state.change.logger)
[2025-01-28 10:55:01,520] INFO [Controller id=0 epoch=1] Changed partition connect_offsets-18 state from NonExistentPartition to NewPartition with assigned replicas 0 (state.change.logger)
[2025-01-28 10:55:01,520] INFO [Controller id=0 epoch=1] Changed partition connect_offsets-10 state from NonExistentPartition to NewPartition with assigned replicas 0 (state.change.logger)
[2025-01-28 10:55:01,520] INFO [Controller id=0 epoch=1] Sending UpdateMetadata request to brokers HashSet() for 0 partitions (state.change.logger)
[2025-01-28 10:55:01,520] INFO [Controller id=0 epoch=1] Sending UpdateMetadata request to brokers HashSet() for 0 partitions (state.change.logger)
[2025-01-28 10:55:01,826] INFO [Controller id=0 epoch=1] Changed partition connect_offsets-20 from NewPartition to OnlinePartition with state LeaderAndIsr(leader=0, leaderEpoch=0, isrWithBrokerEpoch=List(BrokerState(brokerId=0, brokerEpoch=-1)), leaderRecoveryState=RECOVERED, partitionEpoch=0) (state.change.logger)
[2025-01-28 10:55:01,826] INFO [Controller id=0 epoch=1] Changed partition connect_offsets-5 from NewPartition to OnlinePartition with state LeaderAndIsr(leader=0, leaderEpoch=0, isrWithBrokerEpoch=List(BrokerState(brokerId=0, brokerEpoch=-1)), leaderRecoveryState=RECOVERED, partitionEpoch=0) (state.change.logger)
[2025-01-28 10:55:01,826] INFO [Controller id=0 epoch=1] Changed partition connect_offsets-13 from NewPartition to OnlinePartition with state LeaderAndIsr(leader=0, leaderEpoch=0, isrWithBrokerEpoch=List(BrokerState(brokerId=0, brokerEpoch=-1)), leaderRecoveryState=RECOVERED, partitionEpoch=0) (state.change.logger)
[2025-01-28 10:55:01,827] INFO [Controller id=0 epoch=1] Changed partition connect_offsets-23 from NewPartition to OnlinePartition with state LeaderAndIsr(leader=0, leaderEpoch=0, isrWithBrokerEpoch=List(BrokerState(brokerId=0, brokerEpoch=-1)), leaderRecoveryState=RECOVERED, partitionEpoch=0) (state.change.logger)
[2025-01-28 10:55:01,827] INFO [Controller id=0 epoch=1] Changed partition connect_offsets-22 from NewPartition to OnlinePartition with state LeaderAndIsr(leader=0, leaderEpoch=0, isrWithBrokerEpoch=List(BrokerState(brokerId=0, brokerEpoch=-1)), leaderRecoveryState=RECOVERED, partitionEpoch=0) (state.change.logger)
[2025-01-28 10:55:01,827] INFO [Controller id=0 epoch=1] Changed partition connect_offsets-12 from NewPartition to OnlinePartition with state LeaderAndIsr(leader=0, leaderEpoch=0, isrWithBrokerEpoch=List(BrokerState(brokerId=0, brokerEpoch=-1)), leaderRecoveryState=RECOVERED, partitionEpoch=0) (state.change.logger)
[2025-01-28 10:55:01,827] INFO [Controller id=0 epoch=1] Changed partition connect_offsets-21 from NewPartition to OnlinePartition with state LeaderAndIsr(leader=0, leaderEpoch=0, isrWithBrokerEpoch=List(BrokerState(brokerId=0, brokerEpoch=-1)), leaderRecoveryState=RECOVERED, partitionEpoch=0) (state.change.logger)
[2025-01-28 10:55:01,827] INFO [Controller id=0 epoch=1] Changed partition connect_offsets-0 from NewPartition to OnlinePartition with state LeaderAndIsr(leader=0, leaderEpoch=0, isrWithBrokerEpoch=List(BrokerState(brokerId=0, brokerEpoch=-1)), leaderRecoveryState=RECOVERED, partitionEpoch=0) (state.change.logger)
[2025-01-28 10:55:01,827] INFO [Controller id=0 epoch=1] Changed partition connect_offsets-14 from NewPartition to OnlinePartition with state LeaderAndIsr(leader=0, leaderEpoch=0, isrWithBrokerEpoch=List(BrokerState(brokerId=0, brokerEpoch=-1)), leaderRecoveryState=RECOVERED, partitionEpoch=0) (state.change.logger)
[2025-01-28 10:55:01,827] INFO [Controller id=0 epoch=1] Changed partition connect_offsets-1 from NewPartition to OnlinePartition with state LeaderAndIsr(leader=0, leaderEpoch=0, isrWithBrokerEpoch=List(BrokerState(brokerId=0, brokerEpoch=-1)), leaderRecoveryState=RECOVERED, partitionEpoch=0) (state.change.logger)
[2025-01-28 10:55:01,827] INFO [Controller id=0 epoch=1] Changed partition connect_offsets-19 from NewPartition to OnlinePartition with state LeaderAndIsr(leader=0, leaderEpoch=0, isrWithBrokerEpoch=List(BrokerState(brokerId=0, brokerEpoch=-1)), leaderRecoveryState=RECOVERED, partitionEpoch=0) (state.change.logger)
[2025-01-28 10:55:01,827] INFO [Controller id=0 epoch=1] Changed partition connect_offsets-15 from NewPartition to OnlinePartition with state LeaderAndIsr(leader=0, leaderEpoch=0, isrWithBrokerEpoch=List(BrokerState(brokerId=0, brokerEpoch=-1)), leaderRecoveryState=RECOVERED, partitionEpoch=0) (state.change.logger)
[2025-01-28 10:55:01,827] INFO [Controller id=0 epoch=1] Changed partition connect_offsets-11 from NewPartition to OnlinePartition with state LeaderAndIsr(leader=0, leaderEpoch=0, isrWithBrokerEpoch=List(BrokerState(brokerId=0, brokerEpoch=-1)), leaderRecoveryState=RECOVERED, partitionEpoch=0) (state.change.logger)
[2025-01-28 10:55:01,827] INFO [Controller id=0 epoch=1] Changed partition connect_offsets-8 from NewPartition to OnlinePartition with state LeaderAndIsr(leader=0, leaderEpoch=0, isrWithBrokerEpoch=List(BrokerState(brokerId=0, brokerEpoch=-1)), leaderRecoveryState=RECOVERED, partitionEpoch=0) (state.change.logger)
[2025-01-28 10:55:01,827] INFO [Controller id=0 epoch=1] Changed partition connect_offsets-24 from NewPartition to OnlinePartition with state LeaderAndIsr(leader=0, leaderEpoch=0, isrWithBrokerEpoch=List(BrokerState(brokerId=0, brokerEpoch=-1)), leaderRecoveryState=RECOVERED, partitionEpoch=0) (state.change.logger)
[2025-01-28 10:55:01,827] INFO [Controller id=0 epoch=1] Changed partition connect_offsets-16 from NewPartition to OnlinePartition with state LeaderAndIsr(leader=0, leaderEpoch=0, isrWithBrokerEpoch=List(BrokerState(brokerId=0, brokerEpoch=-1)), leaderRecoveryState=RECOVERED, partitionEpoch=0) (state.change.logger)
[2025-01-28 10:55:01,827] INFO [Controller id=0 epoch=1] Changed partition connect_offsets-6 from NewPartition to OnlinePartition with state LeaderAndIsr(leader=0, leaderEpoch=0, isrWithBrokerEpoch=List(BrokerState(brokerId=0, brokerEpoch=-1)), leaderRecoveryState=RECOVERED, partitionEpoch=0) (state.change.logger)
[2025-01-28 10:55:01,827] INFO [Controller id=0 epoch=1] Changed partition connect_offsets-2 from NewPartition to OnlinePartition with state LeaderAndIsr(leader=0, leaderEpoch=0, isrWithBrokerEpoch=List(BrokerState(brokerId=0, brokerEpoch=-1)), leaderRecoveryState=RECOVERED, partitionEpoch=0) (state.change.logger)
[2025-01-28 10:55:01,827] INFO [Controller id=0 epoch=1] Changed partition connect_offsets-9 from NewPartition to OnlinePartition with state LeaderAndIsr(leader=0, leaderEpoch=0, isrWithBrokerEpoch=List(BrokerState(brokerId=0, brokerEpoch=-1)), leaderRecoveryState=RECOVERED, partitionEpoch=0) (state.change.logger)
[2025-01-28 10:55:01,827] INFO [Controller id=0 epoch=1] Changed partition connect_offsets-17 from NewPartition to OnlinePartition with state LeaderAndIsr(leader=0, leaderEpoch=0, isrWithBrokerEpoch=List(BrokerState(brokerId=0, brokerEpoch=-1)), leaderRecoveryState=RECOVERED, partitionEpoch=0) (state.change.logger)
[2025-01-28 10:55:01,827] INFO [Controller id=0 epoch=1] Changed partition connect_offsets-4 from NewPartition to OnlinePartition with state LeaderAndIsr(leader=0, leaderEpoch=0, isrWithBrokerEpoch=List(BrokerState(brokerId=0, brokerEpoch=-1)), leaderRecoveryState=RECOVERED, partitionEpoch=0) (state.change.logger)
[2025-01-28 10:55:01,827] INFO [Controller id=0 epoch=1] Changed partition connect_offsets-3 from NewPartition to OnlinePartition with state LeaderAndIsr(leader=0, leaderEpoch=0, isrWithBrokerEpoch=List(BrokerState(brokerId=0, brokerEpoch=-1)), leaderRecoveryState=RECOVERED, partitionEpoch=0) (state.change.logger)
[2025-01-28 10:55:01,828] INFO [Controller id=0 epoch=1] Changed partition connect_offsets-7 from NewPartition to OnlinePartition with state LeaderAndIsr(leader=0, leaderEpoch=0, isrWithBrokerEpoch=List(BrokerState(brokerId=0, brokerEpoch=-1)), leaderRecoveryState=RECOVERED, partitionEpoch=0) (state.change.logger)
[2025-01-28 10:55:01,828] INFO [Controller id=0 epoch=1] Changed partition connect_offsets-18 from NewPartition to OnlinePartition with state LeaderAndIsr(leader=0, leaderEpoch=0, isrWithBrokerEpoch=List(BrokerState(brokerId=0, brokerEpoch=-1)), leaderRecoveryState=RECOVERED, partitionEpoch=0) (state.change.logger)
[2025-01-28 10:55:01,828] INFO [Controller id=0 epoch=1] Changed partition connect_offsets-10 from NewPartition to OnlinePartition with state LeaderAndIsr(leader=0, leaderEpoch=0, isrWithBrokerEpoch=List(BrokerState(brokerId=0, brokerEpoch=-1)), leaderRecoveryState=RECOVERED, partitionEpoch=0) (state.change.logger)
[2025-01-28 10:55:01,828] INFO [Controller id=0 epoch=1] Sending LeaderAndIsr request to broker 0 with 25 become-leader and 0 become-follower partitions (state.change.logger)
[2025-01-28 10:55:01,828] INFO [Controller id=0 epoch=1] Sending UpdateMetadata request to brokers HashSet(0) for 25 partitions (state.change.logger)
[2025-01-28 10:55:01,829] INFO [Controller id=0 epoch=1] Sending UpdateMetadata request to brokers HashSet() for 0 partitions (state.change.logger)
[2025-01-28 10:55:01,831] INFO [Broker id=0] Handling LeaderAndIsr request correlationId 3 from controller 0 for 25 partitions (state.change.logger)
[2025-01-28 10:55:01,840] INFO [Broker id=0] Stopped fetchers as part of LeaderAndIsr request correlationId 3 from controller 0 epoch 1 as part of the become-leader transition for 25 partitions (state.change.logger)
[2025-01-28 10:55:01,846] INFO [Broker id=0] Leader connect_offsets-4 with topic id Some(WY95JlINRvq1elpo9h_P7Q) starts at leader epoch 0 from offset 0 with partition epoch 0, high watermark 0, ISR [0], adding replicas [] and removing replicas [] . Previous leader None and previous leader epoch was -1. (state.change.logger)
[2025-01-28 10:55:01,894] INFO [Broker id=0] Leader connect_offsets-19 with topic id Some(WY95JlINRvq1elpo9h_P7Q) starts at leader epoch 0 from offset 0 with partition epoch 0, high watermark 0, ISR [0], adding replicas [] and removing replicas [] . Previous leader None and previous leader epoch was -1. (state.change.logger)
[2025-01-28 10:55:01,958] INFO [Broker id=0] Leader connect_offsets-0 with topic id Some(WY95JlINRvq1elpo9h_P7Q) starts at leader epoch 0 from offset 0 with partition epoch 0, high watermark 0, ISR [0], adding replicas [] and removing replicas [] . Previous leader None and previous leader epoch was -1. (state.change.logger)
[2025-01-28 10:55:02,023] INFO [Broker id=0] Leader connect_offsets-15 with topic id Some(WY95JlINRvq1elpo9h_P7Q) starts at leader epoch 0 from offset 0 with partition epoch 0, high watermark 0, ISR [0], adding replicas [] and removing replicas [] . Previous leader None and previous leader epoch was -1. (state.change.logger)
[2025-01-28 10:55:02,072] INFO [Broker id=0] Leader connect_offsets-11 with topic id Some(WY95JlINRvq1elpo9h_P7Q) starts at leader epoch 0 from offset 0 with partition epoch 0, high watermark 0, ISR [0], adding replicas [] and removing replicas [] . Previous leader None and previous leader epoch was -1. (state.change.logger)
[2025-01-28 10:55:02,121] INFO [Broker id=0] Leader connect_offsets-22 with topic id Some(WY95JlINRvq1elpo9h_P7Q) starts at leader epoch 0 from offset 0 with partition epoch 0, high watermark 0, ISR [0], adding replicas [] and removing replicas [] . Previous leader None and previous leader epoch was -1. (state.change.logger)
[2025-01-28 10:55:02,169] INFO [Broker id=0] Leader connect_offsets-7 with topic id Some(WY95JlINRvq1elpo9h_P7Q) starts at leader epoch 0 from offset 0 with partition epoch 0, high watermark 0, ISR [0], adding replicas [] and removing replicas [] . Previous leader None and previous leader epoch was -1. (state.change.logger)
[2025-01-28 10:55:02,219] INFO [Broker id=0] Leader connect_offsets-20 with topic id Some(WY95JlINRvq1elpo9h_P7Q) starts at leader epoch 0 from offset 0 with partition epoch 0, high watermark 0, ISR [0], adding replicas [] and removing replicas [] . Previous leader None and previous leader epoch was -1. (state.change.logger)
[2025-01-28 10:55:02,270] INFO [Broker id=0] Leader connect_offsets-5 with topic id Some(WY95JlINRvq1elpo9h_P7Q) starts at leader epoch 0 from offset 0 with partition epoch 0, high watermark 0, ISR [0], adding replicas [] and removing replicas [] . Previous leader None and previous leader epoch was -1. (state.change.logger)
[2025-01-28 10:55:02,319] INFO [Broker id=0] Leader connect_offsets-16 with topic id Some(WY95JlINRvq1elpo9h_P7Q) starts at leader epoch 0 from offset 0 with partition epoch 0, high watermark 0, ISR [0], adding replicas [] and removing replicas [] . Previous leader None and previous leader epoch was -1. (state.change.logger)
[2025-01-28 10:55:02,384] INFO [Broker id=0] Leader connect_offsets-1 with topic id Some(WY95JlINRvq1elpo9h_P7Q) starts at leader epoch 0 from offset 0 with partition epoch 0, high watermark 0, ISR [0], adding replicas [] and removing replicas [] . Previous leader None and previous leader epoch was -1. (state.change.logger)
[2025-01-28 10:55:02,438] INFO [Broker id=0] Leader connect_offsets-12 with topic id Some(WY95JlINRvq1elpo9h_P7Q) starts at leader epoch 0 from offset 0 with partition epoch 0, high watermark 0, ISR [0], adding replicas [] and removing replicas [] . Previous leader None and previous leader epoch was -1. (state.change.logger)
[2025-01-28 10:55:02,486] INFO [Broker id=0] Leader connect_offsets-8 with topic id Some(WY95JlINRvq1elpo9h_P7Q) starts at leader epoch 0 from offset 0 with partition epoch 0, high watermark 0, ISR [0], adding replicas [] and removing replicas [] . Previous leader None and previous leader epoch was -1. (state.change.logger)
[2025-01-28 10:55:02,534] INFO [Broker id=0] Leader connect_offsets-23 with topic id Some(WY95JlINRvq1elpo9h_P7Q) starts at leader epoch 0 from offset 0 with partition epoch 0, high watermark 0, ISR [0], adding replicas [] and removing replicas [] . Previous leader None and previous leader epoch was -1. (state.change.logger)
[2025-01-28 10:55:02,584] INFO [Broker id=0] Leader connect_offsets-21 with topic id Some(WY95JlINRvq1elpo9h_P7Q) starts at leader epoch 0 from offset 0 with partition epoch 0, high watermark 0, ISR [0], adding replicas [] and removing replicas [] . Previous leader None and previous leader epoch was -1. (state.change.logger)
[2025-01-28 10:55:02,633] INFO [Broker id=0] Leader connect_offsets-2 with topic id Some(WY95JlINRvq1elpo9h_P7Q) starts at leader epoch 0 from offset 0 with partition epoch 0, high watermark 0, ISR [0], adding replicas [] and removing replicas [] . Previous leader None and previous leader epoch was -1. (state.change.logger)
[2025-01-28 10:55:02,682] INFO [Broker id=0] Leader connect_offsets-17 with topic id Some(WY95JlINRvq1elpo9h_P7Q) starts at leader epoch 0 from offset 0 with partition epoch 0, high watermark 0, ISR [0], adding replicas [] and removing replicas [] . Previous leader None and previous leader epoch was -1. (state.change.logger)
[2025-01-28 10:55:02,731] INFO [Broker id=0] Leader connect_offsets-13 with topic id Some(WY95JlINRvq1elpo9h_P7Q) starts at leader epoch 0 from offset 0 with partition epoch 0, high watermark 0, ISR [0], adding replicas [] and removing replicas [] . Previous leader None and previous leader epoch was -1. (state.change.logger)
[2025-01-28 10:55:02,780] INFO [Broker id=0] Leader connect_offsets-24 with topic id Some(WY95JlINRvq1elpo9h_P7Q) starts at leader epoch 0 from offset 0 with partition epoch 0, high watermark 0, ISR [0], adding replicas [] and removing replicas [] . Previous leader None and previous leader epoch was -1. (state.change.logger)
[2025-01-28 10:55:02,831] INFO [Broker id=0] Leader connect_offsets-9 with topic id Some(WY95JlINRvq1elpo9h_P7Q) starts at leader epoch 0 from offset 0 with partition epoch 0, high watermark 0, ISR [0], adding replicas [] and removing replicas [] . Previous leader None and previous leader epoch was -1. (state.change.logger)
[2025-01-28 10:55:02,884] INFO [Broker id=0] Leader connect_offsets-18 with topic id Some(WY95JlINRvq1elpo9h_P7Q) starts at leader epoch 0 from offset 0 with partition epoch 0, high watermark 0, ISR [0], adding replicas [] and removing replicas [] . Previous leader None and previous leader epoch was -1. (state.change.logger)
[2025-01-28 10:55:02,932] INFO [Broker id=0] Leader connect_offsets-3 with topic id Some(WY95JlINRvq1elpo9h_P7Q) starts at leader epoch 0 from offset 0 with partition epoch 0, high watermark 0, ISR [0], adding replicas [] and removing replicas [] . Previous leader None and previous leader epoch was -1. (state.change.logger)
[2025-01-28 10:55:02,982] INFO [Broker id=0] Leader connect_offsets-14 with topic id Some(WY95JlINRvq1elpo9h_P7Q) starts at leader epoch 0 from offset 0 with partition epoch 0, high watermark 0, ISR [0], adding replicas [] and removing replicas [] . Previous leader None and previous leader epoch was -1. (state.change.logger)
[2025-01-28 10:55:03,031] INFO [Broker id=0] Leader connect_offsets-10 with topic id Some(WY95JlINRvq1elpo9h_P7Q) starts at leader epoch 0 from offset 0 with partition epoch 0, high watermark 0, ISR [0], adding replicas [] and removing replicas [] . Previous leader None and previous leader epoch was -1. (state.change.logger)
[2025-01-28 10:55:03,080] INFO [Broker id=0] Leader connect_offsets-6 with topic id Some(WY95JlINRvq1elpo9h_P7Q) starts at leader epoch 0 from offset 0 with partition epoch 0, high watermark 0, ISR [0], adding replicas [] and removing replicas [] . Previous leader None and previous leader epoch was -1. (state.change.logger)
[2025-01-28 10:55:03,124] INFO [Broker id=0] Finished LeaderAndIsr request in 1293ms correlationId 3 from controller 0 for 25 partitions (state.change.logger)
[2025-01-28 10:55:03,125] INFO [Broker id=0] Add 25 partitions and deleted 0 partitions from metadata cache in response to UpdateMetadata request sent by controller 0 epoch 1 with correlation id 4 (state.change.logger)
[2025-01-28 10:55:03,358] INFO [Controller id=0 epoch=1] Changed partition connect-status-4 state from NonExistentPartition to NewPartition with assigned replicas 0 (state.change.logger)
[2025-01-28 10:55:03,358] INFO [Controller id=0 epoch=1] Changed partition connect-status-3 state from NonExistentPartition to NewPartition with assigned replicas 0 (state.change.logger)
[2025-01-28 10:55:03,358] INFO [Controller id=0 epoch=1] Changed partition connect-status-2 state from NonExistentPartition to NewPartition with assigned replicas 0 (state.change.logger)
[2025-01-28 10:55:03,358] INFO [Controller id=0 epoch=1] Changed partition connect-status-0 state from NonExistentPartition to NewPartition with assigned replicas 0 (state.change.logger)
[2025-01-28 10:55:03,358] INFO [Controller id=0 epoch=1] Changed partition connect-status-1 state from NonExistentPartition to NewPartition with assigned replicas 0 (state.change.logger)
[2025-01-28 10:55:03,358] INFO [Controller id=0 epoch=1] Sending UpdateMetadata request to brokers HashSet() for 0 partitions (state.change.logger)
[2025-01-28 10:55:03,359] INFO [Controller id=0 epoch=1] Sending UpdateMetadata request to brokers HashSet() for 0 partitions (state.change.logger)
[2025-01-28 10:55:03,474] INFO [Controller id=0 epoch=1] Changed partition connect-status-4 from NewPartition to OnlinePartition with state LeaderAndIsr(leader=0, leaderEpoch=0, isrWithBrokerEpoch=List(BrokerState(brokerId=0, brokerEpoch=-1)), leaderRecoveryState=RECOVERED, partitionEpoch=0) (state.change.logger)
[2025-01-28 10:55:03,474] INFO [Controller id=0 epoch=1] Changed partition connect-status-3 from NewPartition to OnlinePartition with state LeaderAndIsr(leader=0, leaderEpoch=0, isrWithBrokerEpoch=List(BrokerState(brokerId=0, brokerEpoch=-1)), leaderRecoveryState=RECOVERED, partitionEpoch=0) (state.change.logger)
[2025-01-28 10:55:03,475] INFO [Controller id=0 epoch=1] Changed partition connect-status-2 from NewPartition to OnlinePartition with state LeaderAndIsr(leader=0, leaderEpoch=0, isrWithBrokerEpoch=List(BrokerState(brokerId=0, brokerEpoch=-1)), leaderRecoveryState=RECOVERED, partitionEpoch=0) (state.change.logger)
[2025-01-28 10:55:03,475] INFO [Controller id=0 epoch=1] Changed partition connect-status-0 from NewPartition to OnlinePartition with state LeaderAndIsr(leader=0, leaderEpoch=0, isrWithBrokerEpoch=List(BrokerState(brokerId=0, brokerEpoch=-1)), leaderRecoveryState=RECOVERED, partitionEpoch=0) (state.change.logger)
[2025-01-28 10:55:03,475] INFO [Controller id=0 epoch=1] Changed partition connect-status-1 from NewPartition to OnlinePartition with state LeaderAndIsr(leader=0, leaderEpoch=0, isrWithBrokerEpoch=List(BrokerState(brokerId=0, brokerEpoch=-1)), leaderRecoveryState=RECOVERED, partitionEpoch=0) (state.change.logger)
[2025-01-28 10:55:03,475] INFO [Controller id=0 epoch=1] Sending LeaderAndIsr request to broker 0 with 5 become-leader and 0 become-follower partitions (state.change.logger)
[2025-01-28 10:55:03,475] INFO [Controller id=0 epoch=1] Sending UpdateMetadata request to brokers HashSet(0) for 5 partitions (state.change.logger)
[2025-01-28 10:55:03,475] INFO [Controller id=0 epoch=1] Sending UpdateMetadata request to brokers HashSet() for 0 partitions (state.change.logger)
[2025-01-28 10:55:03,476] INFO [Broker id=0] Handling LeaderAndIsr request correlationId 5 from controller 0 for 5 partitions (state.change.logger)
[2025-01-28 10:55:03,477] INFO [Broker id=0] Stopped fetchers as part of LeaderAndIsr request correlationId 5 from controller 0 epoch 1 as part of the become-leader transition for 5 partitions (state.change.logger)
[2025-01-28 10:55:03,504] INFO [Broker id=0] Leader connect-status-4 with topic id Some(MQrSKKHESkKjatMSUTJevQ) starts at leader epoch 0 from offset 0 with partition epoch 0, high watermark 0, ISR [0], adding replicas [] and removing replicas [] . Previous leader None and previous leader epoch was -1. (state.change.logger)
[2025-01-28 10:55:03,554] INFO [Broker id=0] Leader connect-status-1 with topic id Some(MQrSKKHESkKjatMSUTJevQ) starts at leader epoch 0 from offset 0 with partition epoch 0, high watermark 0, ISR [0], adding replicas [] and removing replicas [] . Previous leader None and previous leader epoch was -1. (state.change.logger)
[2025-01-28 10:55:03,602] INFO [Broker id=0] Leader connect-status-0 with topic id Some(MQrSKKHESkKjatMSUTJevQ) starts at leader epoch 0 from offset 0 with partition epoch 0, high watermark 0, ISR [0], adding replicas [] and removing replicas [] . Previous leader None and previous leader epoch was -1. (state.change.logger)
[2025-01-28 10:55:03,705] INFO [Broker id=0] Leader connect-status-3 with topic id Some(MQrSKKHESkKjatMSUTJevQ) starts at leader epoch 0 from offset 0 with partition epoch 0, high watermark 0, ISR [0], adding replicas [] and removing replicas [] . Previous leader None and previous leader epoch was -1. (state.change.logger)
[2025-01-28 10:55:03,791] INFO [Broker id=0] Leader connect-status-2 with topic id Some(MQrSKKHESkKjatMSUTJevQ) starts at leader epoch 0 from offset 0 with partition epoch 0, high watermark 0, ISR [0], adding replicas [] and removing replicas [] . Previous leader None and previous leader epoch was -1. (state.change.logger)
[2025-01-28 10:55:03,835] INFO [Broker id=0] Finished LeaderAndIsr request in 359ms correlationId 5 from controller 0 for 5 partitions (state.change.logger)
[2025-01-28 10:55:03,837] INFO [Broker id=0] Add 5 partitions and deleted 0 partitions from metadata cache in response to UpdateMetadata request sent by controller 0 epoch 1 with correlation id 6 (state.change.logger)
[2025-01-28 10:55:03,990] INFO [Controller id=0 epoch=1] Changed partition connect_configs-0 state from NonExistentPartition to NewPartition with assigned replicas 0 (state.change.logger)
[2025-01-28 10:55:03,990] INFO [Controller id=0 epoch=1] Sending UpdateMetadata request to brokers HashSet() for 0 partitions (state.change.logger)
[2025-01-28 10:55:03,990] INFO [Controller id=0 epoch=1] Sending UpdateMetadata request to brokers HashSet() for 0 partitions (state.change.logger)
[2025-01-28 10:55:04,059] INFO [Controller id=0 epoch=1] Changed partition connect_configs-0 from NewPartition to OnlinePartition with state LeaderAndIsr(leader=0, leaderEpoch=0, isrWithBrokerEpoch=List(BrokerState(brokerId=0, brokerEpoch=-1)), leaderRecoveryState=RECOVERED, partitionEpoch=0) (state.change.logger)
[2025-01-28 10:55:04,059] INFO [Controller id=0 epoch=1] Sending LeaderAndIsr request to broker 0 with 1 become-leader and 0 become-follower partitions (state.change.logger)
[2025-01-28 10:55:04,060] INFO [Controller id=0 epoch=1] Sending UpdateMetadata request to brokers HashSet(0) for 1 partitions (state.change.logger)
[2025-01-28 10:55:04,060] INFO [Controller id=0 epoch=1] Sending UpdateMetadata request to brokers HashSet() for 0 partitions (state.change.logger)
[2025-01-28 10:55:04,060] INFO [Broker id=0] Handling LeaderAndIsr request correlationId 7 from controller 0 for 1 partitions (state.change.logger)
[2025-01-28 10:55:04,060] INFO [Broker id=0] Stopped fetchers as part of LeaderAndIsr request correlationId 7 from controller 0 epoch 1 as part of the become-leader transition for 1 partitions (state.change.logger)
[2025-01-28 10:55:04,064] INFO [Broker id=0] Leader connect_configs-0 with topic id Some(yEv0nSYASmC18HwDhGUJyA) starts at leader epoch 0 from offset 0 with partition epoch 0, high watermark 0, ISR [0], adding replicas [] and removing replicas [] . Previous leader None and previous leader epoch was -1. (state.change.logger)
[2025-01-28 10:55:04,108] INFO [Broker id=0] Finished LeaderAndIsr request in 48ms correlationId 7 from controller 0 for 1 partitions (state.change.logger)
[2025-01-28 10:55:04,110] INFO [Broker id=0] Add 1 partitions and deleted 0 partitions from metadata cache in response to UpdateMetadata request sent by controller 0 epoch 1 with correlation id 8 (state.change.logger)
[2025-01-28 10:55:04,254] INFO [Controller id=0 epoch=1] Changed partition __consumer_offsets-22 state from NonExistentPartition to NewPartition with assigned replicas 0 (state.change.logger)
[2025-01-28 10:55:04,254] INFO [Controller id=0 epoch=1] Changed partition __consumer_offsets-30 state from NonExistentPartition to NewPartition with assigned replicas 0 (state.change.logger)
[2025-01-28 10:55:04,254] INFO [Controller id=0 epoch=1] Changed partition __consumer_offsets-25 state from NonExistentPartition to NewPartition with assigned replicas 0 (state.change.logger)
[2025-01-28 10:55:04,254] INFO [Controller id=0 epoch=1] Changed partition __consumer_offsets-35 state from NonExistentPartition to NewPartition with assigned replicas 0 (state.change.logger)
[2025-01-28 10:55:04,254] INFO [Controller id=0 epoch=1] Changed partition __consumer_offsets-37 state from NonExistentPartition to NewPartition with assigned replicas 0 (state.change.logger)
[2025-01-28 10:55:04,255] INFO [Controller id=0 epoch=1] Changed partition __consumer_offsets-38 state from NonExistentPartition to NewPartition with assigned replicas 0 (state.change.logger)
[2025-01-28 10:55:04,255] INFO [Controller id=0 epoch=1] Changed partition __consumer_offsets-13 state from NonExistentPartition to NewPartition with assigned replicas 0 (state.change.logger)
[2025-01-28 10:55:04,255] INFO [Controller id=0 epoch=1] Changed partition __consumer_offsets-8 state from NonExistentPartition to NewPartition with assigned replicas 0 (state.change.logger)
[2025-01-28 10:55:04,255] INFO [Controller id=0 epoch=1] Changed partition __consumer_offsets-21 state from NonExistentPartition to NewPartition with assigned replicas 0 (state.change.logger)
[2025-01-28 10:55:04,255] INFO [Controller id=0 epoch=1] Changed partition __consumer_offsets-4 state from NonExistentPartition to NewPartition with assigned replicas 0 (state.change.logger)
[2025-01-28 10:55:04,255] INFO [Controller id=0 epoch=1] Changed partition __consumer_offsets-27 state from NonExistentPartition to NewPartition with assigned replicas 0 (state.change.logger)
[2025-01-28 10:55:04,255] INFO [Controller id=0 epoch=1] Changed partition __consumer_offsets-7 state from NonExistentPartition to NewPartition with assigned replicas 0 (state.change.logger)
[2025-01-28 10:55:04,255] INFO [Controller id=0 epoch=1] Changed partition __consumer_offsets-9 state from NonExistentPartition to NewPartition with assigned replicas 0 (state.change.logger)
[2025-01-28 10:55:04,255] INFO [Controller id=0 epoch=1] Changed partition __consumer_offsets-46 state from NonExistentPartition to NewPartition with assigned replicas 0 (state.change.logger)
[2025-01-28 10:55:04,255] INFO [Controller id=0 epoch=1] Changed partition __consumer_offsets-41 state from NonExistentPartition to NewPartition with assigned replicas 0 (state.change.logger)
[2025-01-28 10:55:04,255] INFO [Controller id=0 epoch=1] Changed partition __consumer_offsets-33 state from NonExistentPartition to NewPartition with assigned replicas 0 (state.change.logger)
[2025-01-28 10:55:04,255] INFO [Controller id=0 epoch=1] Changed partition __consumer_offsets-23 state from NonExistentPartition to NewPartition with assigned replicas 0 (state.change.logger)
[2025-01-28 10:55:04,255] INFO [Controller id=0 epoch=1] Changed partition __consumer_offsets-49 state from NonExistentPartition to NewPartition with assigned replicas 0 (state.change.logger)
[2025-01-28 10:55:04,255] INFO [Controller id=0 epoch=1] Changed partition __consumer_offsets-47 state from NonExistentPartition to NewPartition with assigned replicas 0 (state.change.logger)
[2025-01-28 10:55:04,255] INFO [Controller id=0 epoch=1] Changed partition __consumer_offsets-16 state from NonExistentPartition to NewPartition with assigned replicas 0 (state.change.logger)
[2025-01-28 10:55:04,255] INFO [Controller id=0 epoch=1] Changed partition __consumer_offsets-28 state from NonExistentPartition to NewPartition with assigned replicas 0 (state.change.logger)
[2025-01-28 10:55:04,255] INFO [Controller id=0 epoch=1] Changed partition __consumer_offsets-31 state from NonExistentPartition to NewPartition with assigned replicas 0 (state.change.logger)
[2025-01-28 10:55:04,255] INFO [Controller id=0 epoch=1] Changed partition __consumer_offsets-36 state from NonExistentPartition to NewPartition with assigned replicas 0 (state.change.logger)
[2025-01-28 10:55:04,255] INFO [Controller id=0 epoch=1] Changed partition __consumer_offsets-42 state from NonExistentPartition to NewPartition with assigned replicas 0 (state.change.logger)
[2025-01-28 10:55:04,255] INFO [Controller id=0 epoch=1] Changed partition __consumer_offsets-3 state from NonExistentPartition to NewPartition with assigned replicas 0 (state.change.logger)
[2025-01-28 10:55:04,255] INFO [Controller id=0 epoch=1] Changed partition __consumer_offsets-18 state from NonExistentPartition to NewPartition with assigned replicas 0 (state.change.logger)
[2025-01-28 10:55:04,255] INFO [Controller id=0 epoch=1] Changed partition __consumer_offsets-15 state from NonExistentPartition to NewPartition with assigned replicas 0 (state.change.logger)
[2025-01-28 10:55:04,255] INFO [Controller id=0 epoch=1] Changed partition __consumer_offsets-24 state from NonExistentPartition to NewPartition with assigned replicas 0 (state.change.logger)
[2025-01-28 10:55:04,255] INFO [Controller id=0 epoch=1] Changed partition __consumer_offsets-17 state from NonExistentPartition to NewPartition with assigned replicas 0 (state.change.logger)
[2025-01-28 10:55:04,255] INFO [Controller id=0 epoch=1] Changed partition __consumer_offsets-48 state from NonExistentPartition to NewPartition with assigned replicas 0 (state.change.logger)
[2025-01-28 10:55:04,255] INFO [Controller id=0 epoch=1] Changed partition __consumer_offsets-19 state from NonExistentPartition to NewPartition with assigned replicas 0 (state.change.logger)
[2025-01-28 10:55:04,255] INFO [Controller id=0 epoch=1] Changed partition __consumer_offsets-11 state from NonExistentPartition to NewPartition with assigned replicas 0 (state.change.logger)
[2025-01-28 10:55:04,255] INFO [Controller id=0 epoch=1] Changed partition __consumer_offsets-2 state from NonExistentPartition to NewPartition with assigned replicas 0 (state.change.logger)
[2025-01-28 10:55:04,255] INFO [Controller id=0 epoch=1] Changed partition __consumer_offsets-43 state from NonExistentPartition to NewPartition with assigned replicas 0 (state.change.logger)
[2025-01-28 10:55:04,255] INFO [Controller id=0 epoch=1] Changed partition __consumer_offsets-6 state from NonExistentPartition to NewPartition with assigned replicas 0 (state.change.logger)
[2025-01-28 10:55:04,255] INFO [Controller id=0 epoch=1] Changed partition __consumer_offsets-14 state from NonExistentPartition to NewPartition with assigned replicas 0 (state.change.logger)
[2025-01-28 10:55:04,255] INFO [Controller id=0 epoch=1] Changed partition __consumer_offsets-20 state from NonExistentPartition to NewPartition with assigned replicas 0 (state.change.logger)
[2025-01-28 10:55:04,255] INFO [Controller id=0 epoch=1] Changed partition __consumer_offsets-0 state from NonExistentPartition to NewPartition with assigned replicas 0 (state.change.logger)
[2025-01-28 10:55:04,255] INFO [Controller id=0 epoch=1] Changed partition __consumer_offsets-44 state from NonExistentPartition to NewPartition with assigned replicas 0 (state.change.logger)
[2025-01-28 10:55:04,255] INFO [Controller id=0 epoch=1] Changed partition __consumer_offsets-39 state from NonExistentPartition to NewPartition with assigned replicas 0 (state.change.logger)
[2025-01-28 10:55:04,255] INFO [Controller id=0 epoch=1] Changed partition __consumer_offsets-12 state from NonExistentPartition to NewPartition with assigned replicas 0 (state.change.logger)
[2025-01-28 10:55:04,255] INFO [Controller id=0 epoch=1] Changed partition __consumer_offsets-45 state from NonExistentPartition to NewPartition with assigned replicas 0 (state.change.logger)
[2025-01-28 10:55:04,255] INFO [Controller id=0 epoch=1] Changed partition __consumer_offsets-1 state from NonExistentPartition to NewPartition with assigned replicas 0 (state.change.logger)
[2025-01-28 10:55:04,255] INFO [Controller id=0 epoch=1] Changed partition __consumer_offsets-5 state from NonExistentPartition to NewPartition with assigned replicas 0 (state.change.logger)
[2025-01-28 10:55:04,255] INFO [Controller id=0 epoch=1] Changed partition __consumer_offsets-26 state from NonExistentPartition to NewPartition with assigned replicas 0 (state.change.logger)
[2025-01-28 10:55:04,255] INFO [Controller id=0 epoch=1] Changed partition __consumer_offsets-29 state from NonExistentPartition to NewPartition with assigned replicas 0 (state.change.logger)
[2025-01-28 10:55:04,255] INFO [Controller id=0 epoch=1] Changed partition __consumer_offsets-34 state from NonExistentPartition to NewPartition with assigned replicas 0 (state.change.logger)
[2025-01-28 10:55:04,255] INFO [Controller id=0 epoch=1] Changed partition __consumer_offsets-10 state from NonExistentPartition to NewPartition with assigned replicas 0 (state.change.logger)
[2025-01-28 10:55:04,255] INFO [Controller id=0 epoch=1] Changed partition __consumer_offsets-32 state from NonExistentPartition to NewPartition with assigned replicas 0 (state.change.logger)
[2025-01-28 10:55:04,255] INFO [Controller id=0 epoch=1] Changed partition __consumer_offsets-40 state from NonExistentPartition to NewPartition with assigned replicas 0 (state.change.logger)
[2025-01-28 10:55:04,255] INFO [Controller id=0 epoch=1] Sending UpdateMetadata request to brokers HashSet() for 0 partitions (state.change.logger)
[2025-01-28 10:55:04,256] INFO [Controller id=0 epoch=1] Sending UpdateMetadata request to brokers HashSet() for 0 partitions (state.change.logger)
[2025-01-28 10:55:04,834] INFO [Controller id=0 epoch=1] Changed partition __consumer_offsets-22 from NewPartition to OnlinePartition with state LeaderAndIsr(leader=0, leaderEpoch=0, isrWithBrokerEpoch=List(BrokerState(brokerId=0, brokerEpoch=-1)), leaderRecoveryState=RECOVERED, partitionEpoch=0) (state.change.logger)
[2025-01-28 10:55:04,852] INFO [Controller id=0 epoch=1] Changed partition __consumer_offsets-30 from NewPartition to OnlinePartition with state LeaderAndIsr(leader=0, leaderEpoch=0, isrWithBrokerEpoch=List(BrokerState(brokerId=0, brokerEpoch=-1)), leaderRecoveryState=RECOVERED, partitionEpoch=0) (state.change.logger)
[2025-01-28 10:55:04,852] INFO [Controller id=0 epoch=1] Changed partition __consumer_offsets-25 from NewPartition to OnlinePartition with state LeaderAndIsr(leader=0, leaderEpoch=0, isrWithBrokerEpoch=List(BrokerState(brokerId=0, brokerEpoch=-1)), leaderRecoveryState=RECOVERED, partitionEpoch=0) (state.change.logger)
[2025-01-28 10:55:04,853] INFO [Controller id=0 epoch=1] Changed partition __consumer_offsets-35 from NewPartition to OnlinePartition with state LeaderAndIsr(leader=0, leaderEpoch=0, isrWithBrokerEpoch=List(BrokerState(brokerId=0, brokerEpoch=-1)), leaderRecoveryState=RECOVERED, partitionEpoch=0) (state.change.logger)
[2025-01-28 10:55:04,853] INFO [Controller id=0 epoch=1] Changed partition __consumer_offsets-37 from NewPartition to OnlinePartition with state LeaderAndIsr(leader=0, leaderEpoch=0, isrWithBrokerEpoch=List(BrokerState(brokerId=0, brokerEpoch=-1)), leaderRecoveryState=RECOVERED, partitionEpoch=0) (state.change.logger)
[2025-01-28 10:55:04,853] INFO [Controller id=0 epoch=1] Changed partition __consumer_offsets-38 from NewPartition to OnlinePartition with state LeaderAndIsr(leader=0, leaderEpoch=0, isrWithBrokerEpoch=List(BrokerState(brokerId=0, brokerEpoch=-1)), leaderRecoveryState=RECOVERED, partitionEpoch=0) (state.change.logger)
[2025-01-28 10:55:04,853] INFO [Controller id=0 epoch=1] Changed partition __consumer_offsets-13 from NewPartition to OnlinePartition with state LeaderAndIsr(leader=0, leaderEpoch=0, isrWithBrokerEpoch=List(BrokerState(brokerId=0, brokerEpoch=-1)), leaderRecoveryState=RECOVERED, partitionEpoch=0) (state.change.logger)
[2025-01-28 10:55:04,853] INFO [Controller id=0 epoch=1] Changed partition __consumer_offsets-8 from NewPartition to OnlinePartition with state LeaderAndIsr(leader=0, leaderEpoch=0, isrWithBrokerEpoch=List(BrokerState(brokerId=0, brokerEpoch=-1)), leaderRecoveryState=RECOVERED, partitionEpoch=0) (state.change.logger)
[2025-01-28 10:55:04,853] INFO [Controller id=0 epoch=1] Changed partition __consumer_offsets-21 from NewPartition to OnlinePartition with state LeaderAndIsr(leader=0, leaderEpoch=0, isrWithBrokerEpoch=List(BrokerState(brokerId=0, brokerEpoch=-1)), leaderRecoveryState=RECOVERED, partitionEpoch=0) (state.change.logger)
[2025-01-28 10:55:04,853] INFO [Controller id=0 epoch=1] Changed partition __consumer_offsets-4 from NewPartition to OnlinePartition with state LeaderAndIsr(leader=0, leaderEpoch=0, isrWithBrokerEpoch=List(BrokerState(brokerId=0, brokerEpoch=-1)), leaderRecoveryState=RECOVERED, partitionEpoch=0) (state.change.logger)
[2025-01-28 10:55:04,853] INFO [Controller id=0 epoch=1] Changed partition __consumer_offsets-27 from NewPartition to OnlinePartition with state LeaderAndIsr(leader=0, leaderEpoch=0, isrWithBrokerEpoch=List(BrokerState(brokerId=0, brokerEpoch=-1)), leaderRecoveryState=RECOVERED, partitionEpoch=0) (state.change.logger)
[2025-01-28 10:55:04,853] INFO [Controller id=0 epoch=1] Changed partition __consumer_offsets-7 from NewPartition to OnlinePartition with state LeaderAndIsr(leader=0, leaderEpoch=0, isrWithBrokerEpoch=List(BrokerState(brokerId=0, brokerEpoch=-1)), leaderRecoveryState=RECOVERED, partitionEpoch=0) (state.change.logger)
[2025-01-28 10:55:04,853] INFO [Controller id=0 epoch=1] Changed partition __consumer_offsets-9 from NewPartition to OnlinePartition with state LeaderAndIsr(leader=0, leaderEpoch=0, isrWithBrokerEpoch=List(BrokerState(brokerId=0, brokerEpoch=-1)), leaderRecoveryState=RECOVERED, partitionEpoch=0) (state.change.logger)
[2025-01-28 10:55:04,853] INFO [Controller id=0 epoch=1] Changed partition __consumer_offsets-46 from NewPartition to OnlinePartition with state LeaderAndIsr(leader=0, leaderEpoch=0, isrWithBrokerEpoch=List(BrokerState(brokerId=0, brokerEpoch=-1)), leaderRecoveryState=RECOVERED, partitionEpoch=0) (state.change.logger)
[2025-01-28 10:55:04,853] INFO [Controller id=0 epoch=1] Changed partition __consumer_offsets-41 from NewPartition to OnlinePartition with state LeaderAndIsr(leader=0, leaderEpoch=0, isrWithBrokerEpoch=List(BrokerState(brokerId=0, brokerEpoch=-1)), leaderRecoveryState=RECOVERED, partitionEpoch=0) (state.change.logger)
[2025-01-28 10:55:04,853] INFO [Controller id=0 epoch=1] Changed partition __consumer_offsets-33 from NewPartition to OnlinePartition with state LeaderAndIsr(leader=0, leaderEpoch=0, isrWithBrokerEpoch=List(BrokerState(brokerId=0, brokerEpoch=-1)), leaderRecoveryState=RECOVERED, partitionEpoch=0) (state.change.logger)
[2025-01-28 10:55:04,853] INFO [Controller id=0 epoch=1] Changed partition __consumer_offsets-23 from NewPartition to OnlinePartition with state LeaderAndIsr(leader=0, leaderEpoch=0, isrWithBrokerEpoch=List(BrokerState(brokerId=0, brokerEpoch=-1)), leaderRecoveryState=RECOVERED, partitionEpoch=0) (state.change.logger)
[2025-01-28 10:55:04,853] INFO [Controller id=0 epoch=1] Changed partition __consumer_offsets-49 from NewPartition to OnlinePartition with state LeaderAndIsr(leader=0, leaderEpoch=0, isrWithBrokerEpoch=List(BrokerState(brokerId=0, brokerEpoch=-1)), leaderRecoveryState=RECOVERED, partitionEpoch=0) (state.change.logger)
[2025-01-28 10:55:04,853] INFO [Controller id=0 epoch=1] Changed partition __consumer_offsets-47 from NewPartition to OnlinePartition with state LeaderAndIsr(leader=0, leaderEpoch=0, isrWithBrokerEpoch=List(BrokerState(brokerId=0, brokerEpoch=-1)), leaderRecoveryState=RECOVERED, partitionEpoch=0) (state.change.logger)
[2025-01-28 10:55:04,853] INFO [Controller id=0 epoch=1] Changed partition __consumer_offsets-16 from NewPartition to OnlinePartition with state LeaderAndIsr(leader=0, leaderEpoch=0, isrWithBrokerEpoch=List(BrokerState(brokerId=0, brokerEpoch=-1)), leaderRecoveryState=RECOVERED, partitionEpoch=0) (state.change.logger)
[2025-01-28 10:55:04,853] INFO [Controller id=0 epoch=1] Changed partition __consumer_offsets-28 from NewPartition to OnlinePartition with state LeaderAndIsr(leader=0, leaderEpoch=0, isrWithBrokerEpoch=List(BrokerState(brokerId=0, brokerEpoch=-1)), leaderRecoveryState=RECOVERED, partitionEpoch=0) (state.change.logger)
[2025-01-28 10:55:04,853] INFO [Controller id=0 epoch=1] Changed partition __consumer_offsets-31 from NewPartition to OnlinePartition with state LeaderAndIsr(leader=0, leaderEpoch=0, isrWithBrokerEpoch=List(BrokerState(brokerId=0, brokerEpoch=-1)), leaderRecoveryState=RECOVERED, partitionEpoch=0) (state.change.logger)
[2025-01-28 10:55:04,853] INFO [Controller id=0 epoch=1] Changed partition __consumer_offsets-36 from NewPartition to OnlinePartition with state LeaderAndIsr(leader=0, leaderEpoch=0, isrWithBrokerEpoch=List(BrokerState(brokerId=0, brokerEpoch=-1)), leaderRecoveryState=RECOVERED, partitionEpoch=0) (state.change.logger)
[2025-01-28 10:55:04,853] INFO [Controller id=0 epoch=1] Changed partition __consumer_offsets-42 from NewPartition to OnlinePartition with state LeaderAndIsr(leader=0, leaderEpoch=0, isrWithBrokerEpoch=List(BrokerState(brokerId=0, brokerEpoch=-1)), leaderRecoveryState=RECOVERED, partitionEpoch=0) (state.change.logger)
[2025-01-28 10:55:04,853] INFO [Controller id=0 epoch=1] Changed partition __consumer_offsets-3 from NewPartition to OnlinePartition with state LeaderAndIsr(leader=0, leaderEpoch=0, isrWithBrokerEpoch=List(BrokerState(brokerId=0, brokerEpoch=-1)), leaderRecoveryState=RECOVERED, partitionEpoch=0) (state.change.logger)
[2025-01-28 10:55:04,853] INFO [Controller id=0 epoch=1] Changed partition __consumer_offsets-18 from NewPartition to OnlinePartition with state LeaderAndIsr(leader=0, leaderEpoch=0, isrWithBrokerEpoch=List(BrokerState(brokerId=0, brokerEpoch=-1)), leaderRecoveryState=RECOVERED, partitionEpoch=0) (state.change.logger)
[2025-01-28 10:55:04,853] INFO [Controller id=0 epoch=1] Changed partition __consumer_offsets-15 from NewPartition to OnlinePartition with state LeaderAndIsr(leader=0, leaderEpoch=0, isrWithBrokerEpoch=List(BrokerState(brokerId=0, brokerEpoch=-1)), leaderRecoveryState=RECOVERED, partitionEpoch=0) (state.change.logger)
[2025-01-28 10:55:04,853] INFO [Controller id=0 epoch=1] Changed partition __consumer_offsets-24 from NewPartition to OnlinePartition with state LeaderAndIsr(leader=0, leaderEpoch=0, isrWithBrokerEpoch=List(BrokerState(brokerId=0, brokerEpoch=-1)), leaderRecoveryState=RECOVERED, partitionEpoch=0) (state.change.logger)
[2025-01-28 10:55:04,853] INFO [Controller id=0 epoch=1] Changed partition __consumer_offsets-17 from NewPartition to OnlinePartition with state LeaderAndIsr(leader=0, leaderEpoch=0, isrWithBrokerEpoch=List(BrokerState(brokerId=0, brokerEpoch=-1)), leaderRecoveryState=RECOVERED, partitionEpoch=0) (state.change.logger)
[2025-01-28 10:55:04,853] INFO [Controller id=0 epoch=1] Changed partition __consumer_offsets-48 from NewPartition to OnlinePartition with state LeaderAndIsr(leader=0, leaderEpoch=0, isrWithBrokerEpoch=List(BrokerState(brokerId=0, brokerEpoch=-1)), leaderRecoveryState=RECOVERED, partitionEpoch=0) (state.change.logger)
[2025-01-28 10:55:04,853] INFO [Controller id=0 epoch=1] Changed partition __consumer_offsets-19 from NewPartition to OnlinePartition with state LeaderAndIsr(leader=0, leaderEpoch=0, isrWithBrokerEpoch=List(BrokerState(brokerId=0, brokerEpoch=-1)), leaderRecoveryState=RECOVERED, partitionEpoch=0) (state.change.logger)
[2025-01-28 10:55:04,853] INFO [Controller id=0 epoch=1] Changed partition __consumer_offsets-11 from NewPartition to OnlinePartition with state LeaderAndIsr(leader=0, leaderEpoch=0, isrWithBrokerEpoch=List(BrokerState(brokerId=0, brokerEpoch=-1)), leaderRecoveryState=RECOVERED, partitionEpoch=0) (state.change.logger)
[2025-01-28 10:55:04,853] INFO [Controller id=0 epoch=1] Changed partition __consumer_offsets-2 from NewPartition to OnlinePartition with state LeaderAndIsr(leader=0, leaderEpoch=0, isrWithBrokerEpoch=List(BrokerState(brokerId=0, brokerEpoch=-1)), leaderRecoveryState=RECOVERED, partitionEpoch=0) (state.change.logger)
[2025-01-28 10:55:04,853] INFO [Controller id=0 epoch=1] Changed partition __consumer_offsets-43 from NewPartition to OnlinePartition with state LeaderAndIsr(leader=0, leaderEpoch=0, isrWithBrokerEpoch=List(BrokerState(brokerId=0, brokerEpoch=-1)), leaderRecoveryState=RECOVERED, partitionEpoch=0) (state.change.logger)
[2025-01-28 10:55:04,853] INFO [Controller id=0 epoch=1] Changed partition __consumer_offsets-6 from NewPartition to OnlinePartition with state LeaderAndIsr(leader=0, leaderEpoch=0, isrWithBrokerEpoch=List(BrokerState(brokerId=0, brokerEpoch=-1)), leaderRecoveryState=RECOVERED, partitionEpoch=0) (state.change.logger)
[2025-01-28 10:55:04,853] INFO [Controller id=0 epoch=1] Changed partition __consumer_offsets-14 from NewPartition to OnlinePartition with state LeaderAndIsr(leader=0, leaderEpoch=0, isrWithBrokerEpoch=List(BrokerState(brokerId=0, brokerEpoch=-1)), leaderRecoveryState=RECOVERED, partitionEpoch=0) (state.change.logger)
[2025-01-28 10:55:04,853] INFO [Controller id=0 epoch=1] Changed partition __consumer_offsets-20 from NewPartition to OnlinePartition with state LeaderAndIsr(leader=0, leaderEpoch=0, isrWithBrokerEpoch=List(BrokerState(brokerId=0, brokerEpoch=-1)), leaderRecoveryState=RECOVERED, partitionEpoch=0) (state.change.logger)
[2025-01-28 10:55:04,853] INFO [Controller id=0 epoch=1] Changed partition __consumer_offsets-0 from NewPartition to OnlinePartition with state LeaderAndIsr(leader=0, leaderEpoch=0, isrWithBrokerEpoch=List(BrokerState(brokerId=0, brokerEpoch=-1)), leaderRecoveryState=RECOVERED, partitionEpoch=0) (state.change.logger)
[2025-01-28 10:55:04,853] INFO [Controller id=0 epoch=1] Changed partition __consumer_offsets-44 from NewPartition to OnlinePartition with state LeaderAndIsr(leader=0, leaderEpoch=0, isrWithBrokerEpoch=List(BrokerState(brokerId=0, brokerEpoch=-1)), leaderRecoveryState=RECOVERED, partitionEpoch=0) (state.change.logger)
[2025-01-28 10:55:04,853] INFO [Controller id=0 epoch=1] Changed partition __consumer_offsets-39 from NewPartition to OnlinePartition with state LeaderAndIsr(leader=0, leaderEpoch=0, isrWithBrokerEpoch=List(BrokerState(brokerId=0, brokerEpoch=-1)), leaderRecoveryState=RECOVERED, partitionEpoch=0) (state.change.logger)
[2025-01-28 10:55:04,853] INFO [Controller id=0 epoch=1] Changed partition __consumer_offsets-12 from NewPartition to OnlinePartition with state LeaderAndIsr(leader=0, leaderEpoch=0, isrWithBrokerEpoch=List(BrokerState(brokerId=0, brokerEpoch=-1)), leaderRecoveryState=RECOVERED, partitionEpoch=0) (state.change.logger)
[2025-01-28 10:55:04,853] INFO [Controller id=0 epoch=1] Changed partition __consumer_offsets-45 from NewPartition to OnlinePartition with state LeaderAndIsr(leader=0, leaderEpoch=0, isrWithBrokerEpoch=List(BrokerState(brokerId=0, brokerEpoch=-1)), leaderRecoveryState=RECOVERED, partitionEpoch=0) (state.change.logger)
[2025-01-28 10:55:04,853] INFO [Controller id=0 epoch=1] Changed partition __consumer_offsets-1 from NewPartition to OnlinePartition with state LeaderAndIsr(leader=0, leaderEpoch=0, isrWithBrokerEpoch=List(BrokerState(brokerId=0, brokerEpoch=-1)), leaderRecoveryState=RECOVERED, partitionEpoch=0) (state.change.logger)
[2025-01-28 10:55:04,853] INFO [Controller id=0 epoch=1] Changed partition __consumer_offsets-5 from NewPartition to OnlinePartition with state LeaderAndIsr(leader=0, leaderEpoch=0, isrWithBrokerEpoch=List(BrokerState(brokerId=0, brokerEpoch=-1)), leaderRecoveryState=RECOVERED, partitionEpoch=0) (state.change.logger)
[2025-01-28 10:55:04,853] INFO [Controller id=0 epoch=1] Changed partition __consumer_offsets-26 from NewPartition to OnlinePartition with state LeaderAndIsr(leader=0, leaderEpoch=0, isrWithBrokerEpoch=List(BrokerState(brokerId=0, brokerEpoch=-1)), leaderRecoveryState=RECOVERED, partitionEpoch=0) (state.change.logger)
[2025-01-28 10:55:04,853] INFO [Controller id=0 epoch=1] Changed partition __consumer_offsets-29 from NewPartition to OnlinePartition with state LeaderAndIsr(leader=0, leaderEpoch=0, isrWithBrokerEpoch=List(BrokerState(brokerId=0, brokerEpoch=-1)), leaderRecoveryState=RECOVERED, partitionEpoch=0) (state.change.logger)
[2025-01-28 10:55:04,853] INFO [Controller id=0 epoch=1] Changed partition __consumer_offsets-34 from NewPartition to OnlinePartition with state LeaderAndIsr(leader=0, leaderEpoch=0, isrWithBrokerEpoch=List(BrokerState(brokerId=0, brokerEpoch=-1)), leaderRecoveryState=RECOVERED, partitionEpoch=0) (state.change.logger)
[2025-01-28 10:55:04,853] INFO [Controller id=0 epoch=1] Changed partition __consumer_offsets-10 from NewPartition to OnlinePartition with state LeaderAndIsr(leader=0, leaderEpoch=0, isrWithBrokerEpoch=List(BrokerState(brokerId=0, brokerEpoch=-1)), leaderRecoveryState=RECOVERED, partitionEpoch=0) (state.change.logger)
[2025-01-28 10:55:04,853] INFO [Controller id=0 epoch=1] Changed partition __consumer_offsets-32 from NewPartition to OnlinePartition with state LeaderAndIsr(leader=0, leaderEpoch=0, isrWithBrokerEpoch=List(BrokerState(brokerId=0, brokerEpoch=-1)), leaderRecoveryState=RECOVERED, partitionEpoch=0) (state.change.logger)
[2025-01-28 10:55:04,853] INFO [Controller id=0 epoch=1] Changed partition __consumer_offsets-40 from NewPartition to OnlinePartition with state LeaderAndIsr(leader=0, leaderEpoch=0, isrWithBrokerEpoch=List(BrokerState(brokerId=0, brokerEpoch=-1)), leaderRecoveryState=RECOVERED, partitionEpoch=0) (state.change.logger)
[2025-01-28 10:55:04,854] INFO [Controller id=0 epoch=1] Sending LeaderAndIsr request to broker 0 with 50 become-leader and 0 become-follower partitions (state.change.logger)
[2025-01-28 10:55:04,854] INFO [Controller id=0 epoch=1] Sending UpdateMetadata request to brokers HashSet(0) for 50 partitions (state.change.logger)
[2025-01-28 10:55:04,855] INFO [Broker id=0] Handling LeaderAndIsr request correlationId 9 from controller 0 for 50 partitions (state.change.logger)
[2025-01-28 10:55:04,855] INFO [Controller id=0 epoch=1] Sending UpdateMetadata request to brokers HashSet() for 0 partitions (state.change.logger)
[2025-01-28 10:55:04,866] INFO [Broker id=0] Stopped fetchers as part of LeaderAndIsr request correlationId 9 from controller 0 epoch 1 as part of the become-leader transition for 50 partitions (state.change.logger)
[2025-01-28 10:55:04,872] INFO [Broker id=0] Leader __consumer_offsets-3 with topic id Some(cOv3uwqiRWOuuYRGu9piLA) starts at leader epoch 0 from offset 0 with partition epoch 0, high watermark 0, ISR [0], adding replicas [] and removing replicas [] . Previous leader None and previous leader epoch was -1. (state.change.logger)
[2025-01-28 10:55:04,921] INFO [Broker id=0] Leader __consumer_offsets-18 with topic id Some(cOv3uwqiRWOuuYRGu9piLA) starts at leader epoch 0 from offset 0 with partition epoch 0, high watermark 0, ISR [0], adding replicas [] and removing replicas [] . Previous leader None and previous leader epoch was -1. (state.change.logger)
[2025-01-28 10:55:05,026] INFO [Broker id=0] Leader __consumer_offsets-41 with topic id Some(cOv3uwqiRWOuuYRGu9piLA) starts at leader epoch 0 from offset 0 with partition epoch 0, high watermark 0, ISR [0], adding replicas [] and removing replicas [] . Previous leader None and previous leader epoch was -1. (state.change.logger)
[2025-01-28 10:55:05,110] INFO [Broker id=0] Leader __consumer_offsets-10 with topic id Some(cOv3uwqiRWOuuYRGu9piLA) starts at leader epoch 0 from offset 0 with partition epoch 0, high watermark 0, ISR [0], adding replicas [] and removing replicas [] . Previous leader None and previous leader epoch was -1. (state.change.logger)
[2025-01-28 10:55:05,158] INFO [Broker id=0] Leader __consumer_offsets-33 with topic id Some(cOv3uwqiRWOuuYRGu9piLA) starts at leader epoch 0 from offset 0 with partition epoch 0, high watermark 0, ISR [0], adding replicas [] and removing replicas [] . Previous leader None and previous leader epoch was -1. (state.change.logger)
[2025-01-28 10:55:05,210] INFO [Broker id=0] Leader __consumer_offsets-48 with topic id Some(cOv3uwqiRWOuuYRGu9piLA) starts at leader epoch 0 from offset 0 with partition epoch 0, high watermark 0, ISR [0], adding replicas [] and removing replicas [] . Previous leader None and previous leader epoch was -1. (state.change.logger)
[2025-01-28 10:55:05,257] INFO [Broker id=0] Leader __consumer_offsets-19 with topic id Some(cOv3uwqiRWOuuYRGu9piLA) starts at leader epoch 0 from offset 0 with partition epoch 0, high watermark 0, ISR [0], adding replicas [] and removing replicas [] . Previous leader None and previous leader epoch was -1. (state.change.logger)
[2025-01-28 10:55:05,322] INFO [Broker id=0] Leader __consumer_offsets-34 with topic id Some(cOv3uwqiRWOuuYRGu9piLA) starts at leader epoch 0 from offset 0 with partition epoch 0, high watermark 0, ISR [0], adding replicas [] and removing replicas [] . Previous leader None and previous leader epoch was -1. (state.change.logger)
[2025-01-28 10:55:05,387] INFO [Broker id=0] Leader __consumer_offsets-4 with topic id Some(cOv3uwqiRWOuuYRGu9piLA) starts at leader epoch 0 from offset 0 with partition epoch 0, high watermark 0, ISR [0], adding replicas [] and removing replicas [] . Previous leader None and previous leader epoch was -1. (state.change.logger)
[2025-01-28 10:55:05,439] INFO [Broker id=0] Leader __consumer_offsets-11 with topic id Some(cOv3uwqiRWOuuYRGu9piLA) starts at leader epoch 0 from offset 0 with partition epoch 0, high watermark 0, ISR [0], adding replicas [] and removing replicas [] . Previous leader None and previous leader epoch was -1. (state.change.logger)
[2025-01-28 10:55:05,511] INFO [Broker id=0] Leader __consumer_offsets-26 with topic id Some(cOv3uwqiRWOuuYRGu9piLA) starts at leader epoch 0 from offset 0 with partition epoch 0, high watermark 0, ISR [0], adding replicas [] and removing replicas [] . Previous leader None and previous leader epoch was -1. (state.change.logger)
[2025-01-28 10:55:05,544] INFO [Broker id=0] Leader __consumer_offsets-49 with topic id Some(cOv3uwqiRWOuuYRGu9piLA) starts at leader epoch 0 from offset 0 with partition epoch 0, high watermark 0, ISR [0], adding replicas [] and removing replicas [] . Previous leader None and previous leader epoch was -1. (state.change.logger)
[2025-01-28 10:55:05,594] INFO [Broker id=0] Leader __consumer_offsets-39 with topic id Some(cOv3uwqiRWOuuYRGu9piLA) starts at leader epoch 0 from offset 0 with partition epoch 0, high watermark 0, ISR [0], adding replicas [] and removing replicas [] . Previous leader None and previous leader epoch was -1. (state.change.logger)
[2025-01-28 10:55:05,648] INFO [Broker id=0] Leader __consumer_offsets-9 with topic id Some(cOv3uwqiRWOuuYRGu9piLA) starts at leader epoch 0 from offset 0 with partition epoch 0, high watermark 0, ISR [0], adding replicas [] and removing replicas [] . Previous leader None and previous leader epoch was -1. (state.change.logger)
[2025-01-28 10:55:05,701] INFO [Broker id=0] Leader __consumer_offsets-24 with topic id Some(cOv3uwqiRWOuuYRGu9piLA) starts at leader epoch 0 from offset 0 with partition epoch 0, high watermark 0, ISR [0], adding replicas [] and removing replicas [] . Previous leader None and previous leader epoch was -1. (state.change.logger)
[2025-01-28 10:55:05,757] INFO [Broker id=0] Leader __consumer_offsets-31 with topic id Some(cOv3uwqiRWOuuYRGu9piLA) starts at leader epoch 0 from offset 0 with partition epoch 0, high watermark 0, ISR [0], adding replicas [] and removing replicas [] . Previous leader None and previous leader epoch was -1. (state.change.logger)
[2025-01-28 10:55:05,825] INFO [Broker id=0] Leader __consumer_offsets-46 with topic id Some(cOv3uwqiRWOuuYRGu9piLA) starts at leader epoch 0 from offset 0 with partition epoch 0, high watermark 0, ISR [0], adding replicas [] and removing replicas [] . Previous leader None and previous leader epoch was -1. (state.change.logger)
[2025-01-28 10:55:05,884] INFO [Broker id=0] Leader __consumer_offsets-1 with topic id Some(cOv3uwqiRWOuuYRGu9piLA) starts at leader epoch 0 from offset 0 with partition epoch 0, high watermark 0, ISR [0], adding replicas [] and removing replicas [] . Previous leader None and previous leader epoch was -1. (state.change.logger)
[2025-01-28 10:55:05,938] INFO [Broker id=0] Leader __consumer_offsets-16 with topic id Some(cOv3uwqiRWOuuYRGu9piLA) starts at leader epoch 0 from offset 0 with partition epoch 0, high watermark 0, ISR [0], adding replicas [] and removing replicas [] . Previous leader None and previous leader epoch was -1. (state.change.logger)
[2025-01-28 10:55:05,991] INFO [Broker id=0] Leader __consumer_offsets-2 with topic id Some(cOv3uwqiRWOuuYRGu9piLA) starts at leader epoch 0 from offset 0 with partition epoch 0, high watermark 0, ISR [0], adding replicas [] and removing replicas [] . Previous leader None and previous leader epoch was -1. (state.change.logger)
[2025-01-28 10:55:06,057] INFO [Broker id=0] Leader __consumer_offsets-25 with topic id Some(cOv3uwqiRWOuuYRGu9piLA) starts at leader epoch 0 from offset 0 with partition epoch 0, high watermark 0, ISR [0], adding replicas [] and removing replicas [] . Previous leader None and previous leader epoch was -1. (state.change.logger)
[2025-01-28 10:55:06,121] INFO [Broker id=0] Leader __consumer_offsets-40 with topic id Some(cOv3uwqiRWOuuYRGu9piLA) starts at leader epoch 0 from offset 0 with partition epoch 0, high watermark 0, ISR [0], adding replicas [] and removing replicas [] . Previous leader None and previous leader epoch was -1. (state.change.logger)
[2025-01-28 10:55:06,170] INFO [Broker id=0] Leader __consumer_offsets-47 with topic id Some(cOv3uwqiRWOuuYRGu9piLA) starts at leader epoch 0 from offset 0 with partition epoch 0, high watermark 0, ISR [0], adding replicas [] and removing replicas [] . Previous leader None and previous leader epoch was -1. (state.change.logger)
[2025-01-28 10:55:06,218] INFO [Broker id=0] Leader __consumer_offsets-17 with topic id Some(cOv3uwqiRWOuuYRGu9piLA) starts at leader epoch 0 from offset 0 with partition epoch 0, high watermark 0, ISR [0], adding replicas [] and removing replicas [] . Previous leader None and previous leader epoch was -1. (state.change.logger)
[2025-01-28 10:55:06,268] INFO [Broker id=0] Leader __consumer_offsets-32 with topic id Some(cOv3uwqiRWOuuYRGu9piLA) starts at leader epoch 0 from offset 0 with partition epoch 0, high watermark 0, ISR [0], adding replicas [] and removing replicas [] . Previous leader None and previous leader epoch was -1. (state.change.logger)
[2025-01-28 10:55:06,317] INFO [Broker id=0] Leader __consumer_offsets-37 with topic id Some(cOv3uwqiRWOuuYRGu9piLA) starts at leader epoch 0 from offset 0 with partition epoch 0, high watermark 0, ISR [0], adding replicas [] and removing replicas [] . Previous leader None and previous leader epoch was -1. (state.change.logger)
[2025-01-28 10:55:06,365] INFO [Broker id=0] Leader __consumer_offsets-7 with topic id Some(cOv3uwqiRWOuuYRGu9piLA) starts at leader epoch 0 from offset 0 with partition epoch 0, high watermark 0, ISR [0], adding replicas [] and removing replicas [] . Previous leader None and previous leader epoch was -1. (state.change.logger)
[2025-01-28 10:55:06,412] INFO [Broker id=0] Leader __consumer_offsets-22 with topic id Some(cOv3uwqiRWOuuYRGu9piLA) starts at leader epoch 0 from offset 0 with partition epoch 0, high watermark 0, ISR [0], adding replicas [] and removing replicas [] . Previous leader None and previous leader epoch was -1. (state.change.logger)
[2025-01-28 10:55:06,463] INFO [Broker id=0] Leader __consumer_offsets-29 with topic id Some(cOv3uwqiRWOuuYRGu9piLA) starts at leader epoch 0 from offset 0 with partition epoch 0, high watermark 0, ISR [0], adding replicas [] and removing replicas [] . Previous leader None and previous leader epoch was -1. (state.change.logger)
[2025-01-28 10:55:06,510] INFO [Broker id=0] Leader __consumer_offsets-44 with topic id Some(cOv3uwqiRWOuuYRGu9piLA) starts at leader epoch 0 from offset 0 with partition epoch 0, high watermark 0, ISR [0], adding replicas [] and removing replicas [] . Previous leader None and previous leader epoch was -1. (state.change.logger)
[2025-01-28 10:55:06,558] INFO [Broker id=0] Leader __consumer_offsets-14 with topic id Some(cOv3uwqiRWOuuYRGu9piLA) starts at leader epoch 0 from offset 0 with partition epoch 0, high watermark 0, ISR [0], adding replicas [] and removing replicas [] . Previous leader None and previous leader epoch was -1. (state.change.logger)
[2025-01-28 10:55:06,624] INFO [Broker id=0] Leader __consumer_offsets-23 with topic id Some(cOv3uwqiRWOuuYRGu9piLA) starts at leader epoch 0 from offset 0 with partition epoch 0, high watermark 0, ISR [0], adding replicas [] and removing replicas [] . Previous leader None and previous leader epoch was -1. (state.change.logger)
[2025-01-28 10:55:06,674] INFO [Broker id=0] Leader __consumer_offsets-38 with topic id Some(cOv3uwqiRWOuuYRGu9piLA) starts at leader epoch 0 from offset 0 with partition epoch 0, high watermark 0, ISR [0], adding replicas [] and removing replicas [] . Previous leader None and previous leader epoch was -1. (state.change.logger)
[2025-01-28 10:55:06,722] INFO [Broker id=0] Leader __consumer_offsets-8 with topic id Some(cOv3uwqiRWOuuYRGu9piLA) starts at leader epoch 0 from offset 0 with partition epoch 0, high watermark 0, ISR [0], adding replicas [] and removing replicas [] . Previous leader None and previous leader epoch was -1. (state.change.logger)
[2025-01-28 10:55:06,769] INFO [Broker id=0] Leader __consumer_offsets-45 with topic id Some(cOv3uwqiRWOuuYRGu9piLA) starts at leader epoch 0 from offset 0 with partition epoch 0, high watermark 0, ISR [0], adding replicas [] and removing replicas [] . Previous leader None and previous leader epoch was -1. (state.change.logger)
[2025-01-28 10:55:06,817] INFO [Broker id=0] Leader __consumer_offsets-15 with topic id Some(cOv3uwqiRWOuuYRGu9piLA) starts at leader epoch 0 from offset 0 with partition epoch 0, high watermark 0, ISR [0], adding replicas [] and removing replicas [] . Previous leader None and previous leader epoch was -1. (state.change.logger)
[2025-01-28 10:55:06,865] INFO [Broker id=0] Leader __consumer_offsets-30 with topic id Some(cOv3uwqiRWOuuYRGu9piLA) starts at leader epoch 0 from offset 0 with partition epoch 0, high watermark 0, ISR [0], adding replicas [] and removing replicas [] . Previous leader None and previous leader epoch was -1. (state.change.logger)
[2025-01-28 10:55:06,913] INFO [Broker id=0] Leader __consumer_offsets-0 with topic id Some(cOv3uwqiRWOuuYRGu9piLA) starts at leader epoch 0 from offset 0 with partition epoch 0, high watermark 0, ISR [0], adding replicas [] and removing replicas [] . Previous leader None and previous leader epoch was -1. (state.change.logger)
[2025-01-28 10:55:06,961] INFO [Broker id=0] Leader __consumer_offsets-35 with topic id Some(cOv3uwqiRWOuuYRGu9piLA) starts at leader epoch 0 from offset 0 with partition epoch 0, high watermark 0, ISR [0], adding replicas [] and removing replicas [] . Previous leader None and previous leader epoch was -1. (state.change.logger)
[2025-01-28 10:55:07,009] INFO [Broker id=0] Leader __consumer_offsets-5 with topic id Some(cOv3uwqiRWOuuYRGu9piLA) starts at leader epoch 0 from offset 0 with partition epoch 0, high watermark 0, ISR [0], adding replicas [] and removing replicas [] . Previous leader None and previous leader epoch was -1. (state.change.logger)
[2025-01-28 10:55:07,057] INFO [Broker id=0] Leader __consumer_offsets-20 with topic id Some(cOv3uwqiRWOuuYRGu9piLA) starts at leader epoch 0 from offset 0 with partition epoch 0, high watermark 0, ISR [0], adding replicas [] and removing replicas [] . Previous leader None and previous leader epoch was -1. (state.change.logger)
[2025-01-28 10:55:07,103] INFO [Broker id=0] Leader __consumer_offsets-27 with topic id Some(cOv3uwqiRWOuuYRGu9piLA) starts at leader epoch 0 from offset 0 with partition epoch 0, high watermark 0, ISR [0], adding replicas [] and removing replicas [] . Previous leader None and previous leader epoch was -1. (state.change.logger)
[2025-01-28 10:55:07,152] INFO [Broker id=0] Leader __consumer_offsets-42 with topic id Some(cOv3uwqiRWOuuYRGu9piLA) starts at leader epoch 0 from offset 0 with partition epoch 0, high watermark 0, ISR [0], adding replicas [] and removing replicas [] . Previous leader None and previous leader epoch was -1. (state.change.logger)
[2025-01-28 10:55:07,200] INFO [Broker id=0] Leader __consumer_offsets-12 with topic id Some(cOv3uwqiRWOuuYRGu9piLA) starts at leader epoch 0 from offset 0 with partition epoch 0, high watermark 0, ISR [0], adding replicas [] and removing replicas [] . Previous leader None and previous leader epoch was -1. (state.change.logger)
[2025-01-28 10:55:07,247] INFO [Broker id=0] Leader __consumer_offsets-21 with topic id Some(cOv3uwqiRWOuuYRGu9piLA) starts at leader epoch 0 from offset 0 with partition epoch 0, high watermark 0, ISR [0], adding replicas [] and removing replicas [] . Previous leader None and previous leader epoch was -1. (state.change.logger)
[2025-01-28 10:55:07,297] INFO [Broker id=0] Leader __consumer_offsets-36 with topic id Some(cOv3uwqiRWOuuYRGu9piLA) starts at leader epoch 0 from offset 0 with partition epoch 0, high watermark 0, ISR [0], adding replicas [] and removing replicas [] . Previous leader None and previous leader epoch was -1. (state.change.logger)
[2025-01-28 10:55:07,349] INFO [Broker id=0] Leader __consumer_offsets-6 with topic id Some(cOv3uwqiRWOuuYRGu9piLA) starts at leader epoch 0 from offset 0 with partition epoch 0, high watermark 0, ISR [0], adding replicas [] and removing replicas [] . Previous leader None and previous leader epoch was -1. (state.change.logger)
[2025-01-28 10:55:07,397] INFO [Broker id=0] Leader __consumer_offsets-43 with topic id Some(cOv3uwqiRWOuuYRGu9piLA) starts at leader epoch 0 from offset 0 with partition epoch 0, high watermark 0, ISR [0], adding replicas [] and removing replicas [] . Previous leader None and previous leader epoch was -1. (state.change.logger)
[2025-01-28 10:55:07,446] INFO [Broker id=0] Leader __consumer_offsets-13 with topic id Some(cOv3uwqiRWOuuYRGu9piLA) starts at leader epoch 0 from offset 0 with partition epoch 0, high watermark 0, ISR [0], adding replicas [] and removing replicas [] . Previous leader None and previous leader epoch was -1. (state.change.logger)
[2025-01-28 10:55:07,493] INFO [Broker id=0] Leader __consumer_offsets-28 with topic id Some(cOv3uwqiRWOuuYRGu9piLA) starts at leader epoch 0 from offset 0 with partition epoch 0, high watermark 0, ISR [0], adding replicas [] and removing replicas [] . Previous leader None and previous leader epoch was -1. (state.change.logger)
[2025-01-28 10:55:07,542] INFO [Broker id=0] Finished LeaderAndIsr request in 2687ms correlationId 9 from controller 0 for 50 partitions (state.change.logger)
[2025-01-28 10:55:07,544] INFO [Broker id=0] Add 50 partitions and deleted 0 partitions from metadata cache in response to UpdateMetadata request sent by controller 0 epoch 1 with correlation id 10 (state.change.logger)
